[2025-10-09T11:14:44.564+0000] {processor.py:186} INFO - Started process (PID=89) to work on /opt/airflow/dags/lic_receipyt_dag.py
[2025-10-09T11:14:44.578+0000] {processor.py:914} INFO - Processing file /opt/airflow/dags/lic_receipyt_dag.py for tasks to queue
[2025-10-09T11:14:44.623+0000] {logging_mixin.py:190} INFO - [2025-10-09T11:14:44.622+0000] {dagbag.py:588} INFO - Filling up the DagBag from /opt/airflow/dags/lic_receipyt_dag.py
[2025-10-09T11:14:45.033+0000] {processor.py:925} INFO - DAG(s) 'insurance_receipt_handler' retrieved from /opt/airflow/dags/lic_receipyt_dag.py
[2025-10-09T11:14:45.116+0000] {logging_mixin.py:190} INFO - [2025-10-09T11:14:45.115+0000] {dag.py:3239} INFO - Sync 1 DAGs
[2025-10-09T11:14:45.183+0000] {logging_mixin.py:190} INFO - [2025-10-09T11:14:45.183+0000] {dag.py:4180} INFO - Setting next_dagrun for insurance_receipt_handler to None, run_after=None
[2025-10-09T11:14:45.242+0000] {processor.py:208} INFO - Processing /opt/airflow/dags/lic_receipyt_dag.py took 0.743 seconds
[2025-10-09T11:15:15.793+0000] {processor.py:186} INFO - Started process (PID=96) to work on /opt/airflow/dags/lic_receipyt_dag.py
[2025-10-09T11:15:15.796+0000] {processor.py:914} INFO - Processing file /opt/airflow/dags/lic_receipyt_dag.py for tasks to queue
[2025-10-09T11:15:15.830+0000] {logging_mixin.py:190} INFO - [2025-10-09T11:15:15.826+0000] {dagbag.py:588} INFO - Filling up the DagBag from /opt/airflow/dags/lic_receipyt_dag.py
[2025-10-09T11:15:16.731+0000] {processor.py:925} INFO - DAG(s) 'insurance_receipt_handler' retrieved from /opt/airflow/dags/lic_receipyt_dag.py
[2025-10-09T11:15:16.878+0000] {logging_mixin.py:190} INFO - [2025-10-09T11:15:16.878+0000] {dag.py:3239} INFO - Sync 1 DAGs
[2025-10-09T11:15:17.061+0000] {logging_mixin.py:190} INFO - [2025-10-09T11:15:17.061+0000] {dag.py:4180} INFO - Setting next_dagrun for insurance_receipt_handler to None, run_after=None
[2025-10-09T11:15:17.130+0000] {processor.py:208} INFO - Processing /opt/airflow/dags/lic_receipyt_dag.py took 1.382 seconds
[2025-10-09T11:15:47.358+0000] {processor.py:186} INFO - Started process (PID=103) to work on /opt/airflow/dags/lic_receipyt_dag.py
[2025-10-09T11:15:47.360+0000] {processor.py:914} INFO - Processing file /opt/airflow/dags/lic_receipyt_dag.py for tasks to queue
[2025-10-09T11:15:47.363+0000] {logging_mixin.py:190} INFO - [2025-10-09T11:15:47.363+0000] {dagbag.py:588} INFO - Filling up the DagBag from /opt/airflow/dags/lic_receipyt_dag.py
[2025-10-09T11:15:47.518+0000] {processor.py:925} INFO - DAG(s) 'insurance_receipt_handler' retrieved from /opt/airflow/dags/lic_receipyt_dag.py
[2025-10-09T11:15:47.560+0000] {logging_mixin.py:190} INFO - [2025-10-09T11:15:47.560+0000] {dag.py:3239} INFO - Sync 1 DAGs
[2025-10-09T11:15:47.585+0000] {logging_mixin.py:190} INFO - [2025-10-09T11:15:47.585+0000] {dag.py:4180} INFO - Setting next_dagrun for insurance_receipt_handler to None, run_after=None
[2025-10-09T11:15:47.621+0000] {processor.py:208} INFO - Processing /opt/airflow/dags/lic_receipyt_dag.py took 0.270 seconds
[2025-10-09T11:16:17.862+0000] {processor.py:186} INFO - Started process (PID=110) to work on /opt/airflow/dags/lic_receipyt_dag.py
[2025-10-09T11:16:17.867+0000] {processor.py:914} INFO - Processing file /opt/airflow/dags/lic_receipyt_dag.py for tasks to queue
[2025-10-09T11:16:17.882+0000] {logging_mixin.py:190} INFO - [2025-10-09T11:16:17.881+0000] {dagbag.py:588} INFO - Filling up the DagBag from /opt/airflow/dags/lic_receipyt_dag.py
[2025-10-09T11:16:18.519+0000] {processor.py:925} INFO - DAG(s) 'insurance_receipt_handler' retrieved from /opt/airflow/dags/lic_receipyt_dag.py
[2025-10-09T11:16:18.632+0000] {logging_mixin.py:190} INFO - [2025-10-09T11:16:18.632+0000] {dag.py:3239} INFO - Sync 1 DAGs
[2025-10-09T11:16:18.754+0000] {logging_mixin.py:190} INFO - [2025-10-09T11:16:18.754+0000] {dag.py:4180} INFO - Setting next_dagrun for insurance_receipt_handler to None, run_after=None
[2025-10-09T11:16:18.888+0000] {processor.py:208} INFO - Processing /opt/airflow/dags/lic_receipyt_dag.py took 1.045 seconds
[2025-10-09T11:16:49.259+0000] {processor.py:186} INFO - Started process (PID=117) to work on /opt/airflow/dags/lic_receipyt_dag.py
[2025-10-09T11:16:49.261+0000] {processor.py:914} INFO - Processing file /opt/airflow/dags/lic_receipyt_dag.py for tasks to queue
[2025-10-09T11:16:49.266+0000] {logging_mixin.py:190} INFO - [2025-10-09T11:16:49.266+0000] {dagbag.py:588} INFO - Filling up the DagBag from /opt/airflow/dags/lic_receipyt_dag.py
[2025-10-09T11:16:49.421+0000] {processor.py:925} INFO - DAG(s) 'insurance_receipt_handler' retrieved from /opt/airflow/dags/lic_receipyt_dag.py
[2025-10-09T11:16:49.473+0000] {logging_mixin.py:190} INFO - [2025-10-09T11:16:49.472+0000] {dag.py:3239} INFO - Sync 1 DAGs
[2025-10-09T11:16:49.499+0000] {logging_mixin.py:190} INFO - [2025-10-09T11:16:49.498+0000] {dag.py:4180} INFO - Setting next_dagrun for insurance_receipt_handler to None, run_after=None
[2025-10-09T11:16:49.535+0000] {processor.py:208} INFO - Processing /opt/airflow/dags/lic_receipyt_dag.py took 0.290 seconds
[2025-10-09T11:17:19.611+0000] {processor.py:186} INFO - Started process (PID=124) to work on /opt/airflow/dags/lic_receipyt_dag.py
[2025-10-09T11:17:19.613+0000] {processor.py:914} INFO - Processing file /opt/airflow/dags/lic_receipyt_dag.py for tasks to queue
[2025-10-09T11:17:19.617+0000] {logging_mixin.py:190} INFO - [2025-10-09T11:17:19.617+0000] {dagbag.py:588} INFO - Filling up the DagBag from /opt/airflow/dags/lic_receipyt_dag.py
[2025-10-09T11:17:19.793+0000] {processor.py:925} INFO - DAG(s) 'insurance_receipt_handler' retrieved from /opt/airflow/dags/lic_receipyt_dag.py
[2025-10-09T11:17:19.848+0000] {logging_mixin.py:190} INFO - [2025-10-09T11:17:19.847+0000] {dag.py:3239} INFO - Sync 1 DAGs
[2025-10-09T11:17:19.883+0000] {logging_mixin.py:190} INFO - [2025-10-09T11:17:19.883+0000] {dag.py:4180} INFO - Setting next_dagrun for insurance_receipt_handler to None, run_after=None
[2025-10-09T11:17:19.916+0000] {processor.py:208} INFO - Processing /opt/airflow/dags/lic_receipyt_dag.py took 0.316 seconds
[2025-10-09T11:17:50.292+0000] {processor.py:186} INFO - Started process (PID=131) to work on /opt/airflow/dags/lic_receipyt_dag.py
[2025-10-09T11:17:50.294+0000] {processor.py:914} INFO - Processing file /opt/airflow/dags/lic_receipyt_dag.py for tasks to queue
[2025-10-09T11:17:50.305+0000] {logging_mixin.py:190} INFO - [2025-10-09T11:17:50.299+0000] {dagbag.py:588} INFO - Filling up the DagBag from /opt/airflow/dags/lic_receipyt_dag.py
[2025-10-09T11:17:50.913+0000] {processor.py:925} INFO - DAG(s) 'insurance_receipt_handler' retrieved from /opt/airflow/dags/lic_receipyt_dag.py
[2025-10-09T11:17:50.986+0000] {logging_mixin.py:190} INFO - [2025-10-09T11:17:50.986+0000] {dag.py:3239} INFO - Sync 1 DAGs
[2025-10-09T11:17:51.023+0000] {logging_mixin.py:190} INFO - [2025-10-09T11:17:51.022+0000] {dag.py:4180} INFO - Setting next_dagrun for insurance_receipt_handler to None, run_after=None
[2025-10-09T11:17:51.078+0000] {processor.py:208} INFO - Processing /opt/airflow/dags/lic_receipyt_dag.py took 0.799 seconds
[2025-10-09T11:18:21.457+0000] {processor.py:186} INFO - Started process (PID=138) to work on /opt/airflow/dags/lic_receipyt_dag.py
[2025-10-09T11:18:21.462+0000] {processor.py:914} INFO - Processing file /opt/airflow/dags/lic_receipyt_dag.py for tasks to queue
[2025-10-09T11:18:21.471+0000] {logging_mixin.py:190} INFO - [2025-10-09T11:18:21.468+0000] {dagbag.py:588} INFO - Filling up the DagBag from /opt/airflow/dags/lic_receipyt_dag.py
[2025-10-09T11:18:21.701+0000] {processor.py:925} INFO - DAG(s) 'insurance_receipt_handler' retrieved from /opt/airflow/dags/lic_receipyt_dag.py
[2025-10-09T11:18:21.957+0000] {logging_mixin.py:190} INFO - [2025-10-09T11:18:21.956+0000] {dag.py:3239} INFO - Sync 1 DAGs
[2025-10-09T11:18:21.995+0000] {logging_mixin.py:190} INFO - [2025-10-09T11:18:21.994+0000] {dag.py:4180} INFO - Setting next_dagrun for insurance_receipt_handler to None, run_after=None
[2025-10-09T11:18:22.029+0000] {processor.py:208} INFO - Processing /opt/airflow/dags/lic_receipyt_dag.py took 0.594 seconds
[2025-10-09T11:18:52.375+0000] {processor.py:186} INFO - Started process (PID=145) to work on /opt/airflow/dags/lic_receipyt_dag.py
[2025-10-09T11:18:52.378+0000] {processor.py:914} INFO - Processing file /opt/airflow/dags/lic_receipyt_dag.py for tasks to queue
[2025-10-09T11:18:52.381+0000] {logging_mixin.py:190} INFO - [2025-10-09T11:18:52.381+0000] {dagbag.py:588} INFO - Filling up the DagBag from /opt/airflow/dags/lic_receipyt_dag.py
[2025-10-09T11:18:52.520+0000] {processor.py:925} INFO - DAG(s) 'insurance_receipt_handler' retrieved from /opt/airflow/dags/lic_receipyt_dag.py
[2025-10-09T11:18:52.592+0000] {logging_mixin.py:190} INFO - [2025-10-09T11:18:52.592+0000] {dag.py:3239} INFO - Sync 1 DAGs
[2025-10-09T11:18:52.616+0000] {logging_mixin.py:190} INFO - [2025-10-09T11:18:52.615+0000] {dag.py:4180} INFO - Setting next_dagrun for insurance_receipt_handler to None, run_after=None
[2025-10-09T11:18:52.652+0000] {processor.py:208} INFO - Processing /opt/airflow/dags/lic_receipyt_dag.py took 0.283 seconds
[2025-10-09T11:19:22.746+0000] {processor.py:186} INFO - Started process (PID=151) to work on /opt/airflow/dags/lic_receipyt_dag.py
[2025-10-09T11:19:22.748+0000] {processor.py:914} INFO - Processing file /opt/airflow/dags/lic_receipyt_dag.py for tasks to queue
[2025-10-09T11:19:22.753+0000] {logging_mixin.py:190} INFO - [2025-10-09T11:19:22.751+0000] {dagbag.py:588} INFO - Filling up the DagBag from /opt/airflow/dags/lic_receipyt_dag.py
[2025-10-09T11:19:22.904+0000] {processor.py:925} INFO - DAG(s) 'insurance_receipt_handler' retrieved from /opt/airflow/dags/lic_receipyt_dag.py
[2025-10-09T11:19:22.991+0000] {logging_mixin.py:190} INFO - [2025-10-09T11:19:22.991+0000] {dag.py:3239} INFO - Sync 1 DAGs
[2025-10-09T11:19:23.015+0000] {logging_mixin.py:190} INFO - [2025-10-09T11:19:23.015+0000] {dag.py:4180} INFO - Setting next_dagrun for insurance_receipt_handler to None, run_after=None
[2025-10-09T11:19:23.048+0000] {processor.py:208} INFO - Processing /opt/airflow/dags/lic_receipyt_dag.py took 0.316 seconds
[2025-10-09T11:19:53.559+0000] {processor.py:186} INFO - Started process (PID=158) to work on /opt/airflow/dags/lic_receipyt_dag.py
[2025-10-09T11:19:53.561+0000] {processor.py:914} INFO - Processing file /opt/airflow/dags/lic_receipyt_dag.py for tasks to queue
[2025-10-09T11:19:53.569+0000] {logging_mixin.py:190} INFO - [2025-10-09T11:19:53.566+0000] {dagbag.py:588} INFO - Filling up the DagBag from /opt/airflow/dags/lic_receipyt_dag.py
[2025-10-09T11:19:53.814+0000] {processor.py:925} INFO - DAG(s) 'insurance_receipt_handler' retrieved from /opt/airflow/dags/lic_receipyt_dag.py
[2025-10-09T11:19:53.892+0000] {logging_mixin.py:190} INFO - [2025-10-09T11:19:53.892+0000] {dag.py:3239} INFO - Sync 1 DAGs
[2025-10-09T11:19:53.916+0000] {logging_mixin.py:190} INFO - [2025-10-09T11:19:53.916+0000] {dag.py:4180} INFO - Setting next_dagrun for insurance_receipt_handler to None, run_after=None
[2025-10-09T11:19:53.949+0000] {processor.py:208} INFO - Processing /opt/airflow/dags/lic_receipyt_dag.py took 0.409 seconds
[2025-10-09T11:20:24.510+0000] {processor.py:186} INFO - Started process (PID=165) to work on /opt/airflow/dags/lic_receipyt_dag.py
[2025-10-09T11:20:24.524+0000] {processor.py:914} INFO - Processing file /opt/airflow/dags/lic_receipyt_dag.py for tasks to queue
[2025-10-09T11:20:24.545+0000] {logging_mixin.py:190} INFO - [2025-10-09T11:20:24.534+0000] {dagbag.py:588} INFO - Filling up the DagBag from /opt/airflow/dags/lic_receipyt_dag.py
[2025-10-09T11:21:06.246+0000] {logging_mixin.py:190} INFO - [2025-10-09T11:21:00.893+0000] {timeout.py:68} ERROR - Process timed out, PID: 165
[2025-10-09T11:21:50.898+0000] {logging_mixin.py:190} INFO - [2025-10-09T11:21:14.553+0000] {dagbag.py:387} ERROR - Failed to import: /opt/airflow/dags/lic_receipyt_dag.py
Traceback (most recent call last):
  File "/home/airflow/.local/lib/python3.12/site-packages/airflow/models/dagbag.py", line 383, in parse
    loader.exec_module(new_module)
  File "<frozen importlib._bootstrap_external>", line 999, in exec_module
  File "<frozen importlib._bootstrap>", line 488, in _call_with_frames_removed
  File "/opt/airflow/dags/lic_receipyt_dag.py", line 9, in <module>
    from PyPDF2 import PdfReader
  File "/home/airflow/.local/lib/python3.12/site-packages/PyPDF2/__init__.py", line 12, in <module>
    from ._encryption import PasswordType
  File "/home/airflow/.local/lib/python3.12/site-packages/PyPDF2/_encryption.py", line 36, in <module>
    from .generic import (
  File "/home/airflow/.local/lib/python3.12/site-packages/PyPDF2/generic/__init__.py", line 36, in <module>
    from ._annotations import AnnotationBuilder
  File "/home/airflow/.local/lib/python3.12/site-packages/PyPDF2/generic/_annotations.py", line 3, in <module>
    from ._base import (
  File "/home/airflow/.local/lib/python3.12/site-packages/PyPDF2/generic/_base.py", line 35, in <module>
    from .._codecs import _pdfdoc_encoding_rev
  File "/home/airflow/.local/lib/python3.12/site-packages/PyPDF2/_codecs/__init__.py", line 33, in <module>
    _win_encoding = fill_from_encoding("cp1252")
                    ^^^^^^^^^^^^^^^^^^^^^^^^^^^^
  File "/home/airflow/.local/lib/python3.12/site-packages/PyPDF2/_codecs/__init__.py", line 14, in fill_from_encoding
    lst += (bytes((x,)).decode(enc),)
            ^^^^^^^^^^^^^^^^^^^^^^^
  File "/usr/local/lib/python3.12/encodings/__init__.py", line 99, in search_function
    mod = __import__('encodings.' + modname, fromlist=_import_tail,
          ^^^^^^^^^^^^^^^^^^^^^^^^^^^^^^^^^^^^^^^^^^^^^^^^^^^^^^^^^
  File "/home/airflow/.local/lib/python3.12/site-packages/airflow/utils/timeout.py", line 69, in handle_timeout
    raise AirflowTaskTimeout(self.error_message)
airflow.exceptions.AirflowTaskTimeout: DagBag import timeout for /opt/airflow/dags/lic_receipyt_dag.py after 30.0s.
Please take a look at these docs to improve your DAG import time:
* https://airflow.apache.org/docs/apache-airflow/2.10.5/best-practices.html#top-level-python-code
* https://airflow.apache.org/docs/apache-airflow/2.10.5/best-practices.html#reducing-dag-complexity, PID: 165
[2025-10-09T11:21:55.441+0000] {processor.py:927} WARNING - No viable dags retrieved from /opt/airflow/dags/lic_receipyt_dag.py
[2025-10-09T11:22:46.920+0000] {processor.py:186} INFO - Started process (PID=173) to work on /opt/airflow/dags/lic_receipyt_dag.py
[2025-10-09T11:22:46.924+0000] {processor.py:914} INFO - Processing file /opt/airflow/dags/lic_receipyt_dag.py for tasks to queue
[2025-10-09T11:22:46.929+0000] {logging_mixin.py:190} INFO - [2025-10-09T11:22:46.927+0000] {dagbag.py:588} INFO - Filling up the DagBag from /opt/airflow/dags/lic_receipyt_dag.py
[2025-10-09T11:22:47.238+0000] {processor.py:925} INFO - DAG(s) 'insurance_receipt_handler' retrieved from /opt/airflow/dags/lic_receipyt_dag.py
[2025-10-09T11:22:58.563+0000] {logging_mixin.py:190} INFO - [2025-10-09T11:22:58.559+0000] {dag.py:3239} INFO - Sync 1 DAGs
[2025-10-09T11:22:58.593+0000] {logging_mixin.py:190} INFO - [2025-10-09T11:22:58.592+0000] {dag.py:4180} INFO - Setting next_dagrun for insurance_receipt_handler to None, run_after=None
[2025-10-09T11:22:58.638+0000] {processor.py:208} INFO - Processing /opt/airflow/dags/lic_receipyt_dag.py took 11.739 seconds
[2025-10-09T11:23:29.088+0000] {processor.py:186} INFO - Started process (PID=180) to work on /opt/airflow/dags/lic_receipyt_dag.py
[2025-10-09T11:23:29.091+0000] {processor.py:914} INFO - Processing file /opt/airflow/dags/lic_receipyt_dag.py for tasks to queue
[2025-10-09T11:23:29.094+0000] {logging_mixin.py:190} INFO - [2025-10-09T11:23:29.093+0000] {dagbag.py:588} INFO - Filling up the DagBag from /opt/airflow/dags/lic_receipyt_dag.py
[2025-10-09T11:23:29.265+0000] {processor.py:925} INFO - DAG(s) 'insurance_receipt_handler' retrieved from /opt/airflow/dags/lic_receipyt_dag.py
[2025-10-09T11:23:29.338+0000] {logging_mixin.py:190} INFO - [2025-10-09T11:23:29.338+0000] {dag.py:3239} INFO - Sync 1 DAGs
[2025-10-09T11:23:29.379+0000] {logging_mixin.py:190} INFO - [2025-10-09T11:23:29.379+0000] {dag.py:4180} INFO - Setting next_dagrun for insurance_receipt_handler to None, run_after=None
[2025-10-09T11:23:29.421+0000] {processor.py:208} INFO - Processing /opt/airflow/dags/lic_receipyt_dag.py took 0.347 seconds
[2025-10-09T11:23:59.834+0000] {processor.py:186} INFO - Started process (PID=187) to work on /opt/airflow/dags/lic_receipyt_dag.py
[2025-10-09T11:23:59.836+0000] {processor.py:914} INFO - Processing file /opt/airflow/dags/lic_receipyt_dag.py for tasks to queue
[2025-10-09T11:23:59.840+0000] {logging_mixin.py:190} INFO - [2025-10-09T11:23:59.839+0000] {dagbag.py:588} INFO - Filling up the DagBag from /opt/airflow/dags/lic_receipyt_dag.py
[2025-10-09T11:24:00.050+0000] {processor.py:925} INFO - DAG(s) 'insurance_receipt_handler' retrieved from /opt/airflow/dags/lic_receipyt_dag.py
[2025-10-09T11:24:00.114+0000] {logging_mixin.py:190} INFO - [2025-10-09T11:24:00.108+0000] {dag.py:3239} INFO - Sync 1 DAGs
[2025-10-09T11:24:00.147+0000] {logging_mixin.py:190} INFO - [2025-10-09T11:24:00.147+0000] {dag.py:4180} INFO - Setting next_dagrun for insurance_receipt_handler to None, run_after=None
[2025-10-09T11:24:00.172+0000] {processor.py:208} INFO - Processing /opt/airflow/dags/lic_receipyt_dag.py took 0.350 seconds
[2025-10-09T11:24:30.608+0000] {processor.py:186} INFO - Started process (PID=194) to work on /opt/airflow/dags/lic_receipyt_dag.py
[2025-10-09T11:24:30.610+0000] {processor.py:914} INFO - Processing file /opt/airflow/dags/lic_receipyt_dag.py for tasks to queue
[2025-10-09T11:24:30.612+0000] {logging_mixin.py:190} INFO - [2025-10-09T11:24:30.612+0000] {dagbag.py:588} INFO - Filling up the DagBag from /opt/airflow/dags/lic_receipyt_dag.py
[2025-10-09T11:24:30.780+0000] {processor.py:925} INFO - DAG(s) 'insurance_receipt_handler' retrieved from /opt/airflow/dags/lic_receipyt_dag.py
[2025-10-09T11:24:30.833+0000] {logging_mixin.py:190} INFO - [2025-10-09T11:24:30.832+0000] {dag.py:3239} INFO - Sync 1 DAGs
[2025-10-09T11:24:30.859+0000] {logging_mixin.py:190} INFO - [2025-10-09T11:24:30.859+0000] {dag.py:4180} INFO - Setting next_dagrun for insurance_receipt_handler to None, run_after=None
[2025-10-09T11:24:30.890+0000] {processor.py:208} INFO - Processing /opt/airflow/dags/lic_receipyt_dag.py took 0.292 seconds
[2025-10-09T11:25:01.055+0000] {processor.py:186} INFO - Started process (PID=201) to work on /opt/airflow/dags/lic_receipyt_dag.py
[2025-10-09T11:25:01.057+0000] {processor.py:914} INFO - Processing file /opt/airflow/dags/lic_receipyt_dag.py for tasks to queue
[2025-10-09T11:25:01.060+0000] {logging_mixin.py:190} INFO - [2025-10-09T11:25:01.059+0000] {dagbag.py:588} INFO - Filling up the DagBag from /opt/airflow/dags/lic_receipyt_dag.py
[2025-10-09T11:25:01.253+0000] {processor.py:925} INFO - DAG(s) 'insurance_receipt_handler' retrieved from /opt/airflow/dags/lic_receipyt_dag.py
[2025-10-09T11:25:01.306+0000] {logging_mixin.py:190} INFO - [2025-10-09T11:25:01.306+0000] {dag.py:3239} INFO - Sync 1 DAGs
[2025-10-09T11:25:01.340+0000] {logging_mixin.py:190} INFO - [2025-10-09T11:25:01.340+0000] {dag.py:4180} INFO - Setting next_dagrun for insurance_receipt_handler to None, run_after=None
[2025-10-09T11:25:01.396+0000] {processor.py:208} INFO - Processing /opt/airflow/dags/lic_receipyt_dag.py took 0.357 seconds
[2025-10-09T11:25:31.655+0000] {processor.py:186} INFO - Started process (PID=209) to work on /opt/airflow/dags/lic_receipyt_dag.py
[2025-10-09T11:25:31.658+0000] {processor.py:914} INFO - Processing file /opt/airflow/dags/lic_receipyt_dag.py for tasks to queue
[2025-10-09T11:25:31.660+0000] {logging_mixin.py:190} INFO - [2025-10-09T11:25:31.659+0000] {dagbag.py:588} INFO - Filling up the DagBag from /opt/airflow/dags/lic_receipyt_dag.py
[2025-10-09T11:25:31.852+0000] {processor.py:925} INFO - DAG(s) 'insurance_receipt_handler' retrieved from /opt/airflow/dags/lic_receipyt_dag.py
[2025-10-09T11:25:31.914+0000] {logging_mixin.py:190} INFO - [2025-10-09T11:25:31.914+0000] {dag.py:3239} INFO - Sync 1 DAGs
[2025-10-09T11:25:31.950+0000] {logging_mixin.py:190} INFO - [2025-10-09T11:25:31.949+0000] {dag.py:4180} INFO - Setting next_dagrun for insurance_receipt_handler to None, run_after=None
[2025-10-09T11:25:31.984+0000] {processor.py:208} INFO - Processing /opt/airflow/dags/lic_receipyt_dag.py took 0.344 seconds
[2025-10-09T11:26:33.298+0000] {processor.py:186} INFO - Started process (PID=217) to work on /opt/airflow/dags/lic_receipyt_dag.py
[2025-10-09T11:26:33.314+0000] {processor.py:914} INFO - Processing file /opt/airflow/dags/lic_receipyt_dag.py for tasks to queue
[2025-10-09T11:26:33.325+0000] {logging_mixin.py:190} INFO - [2025-10-09T11:26:33.318+0000] {dagbag.py:588} INFO - Filling up the DagBag from /opt/airflow/dags/lic_receipyt_dag.py
[2025-10-09T11:27:30.986+0000] {processor.py:186} INFO - Started process (PID=218) to work on /opt/airflow/dags/lic_receipyt_dag.py
[2025-10-09T11:27:31.141+0000] {processor.py:914} INFO - Processing file /opt/airflow/dags/lic_receipyt_dag.py for tasks to queue
[2025-10-09T11:27:31.619+0000] {logging_mixin.py:190} INFO - [2025-10-09T11:27:31.392+0000] {dagbag.py:588} INFO - Filling up the DagBag from /opt/airflow/dags/lic_receipyt_dag.py
[2025-10-09T11:28:03.836+0000] {processor.py:925} INFO - DAG(s) 'insurance_receipt_handler' retrieved from /opt/airflow/dags/lic_receipyt_dag.py
[2025-10-09T11:28:09.957+0000] {logging_mixin.py:190} INFO - [2025-10-09T11:28:09.956+0000] {dag.py:3239} INFO - Sync 1 DAGs
[2025-10-09T11:28:09.978+0000] {logging_mixin.py:190} INFO - [2025-10-09T11:28:09.977+0000] {dag.py:4180} INFO - Setting next_dagrun for insurance_receipt_handler to None, run_after=None
[2025-10-09T11:28:10.038+0000] {processor.py:208} INFO - Processing /opt/airflow/dags/lic_receipyt_dag.py took 39.451 seconds
[2025-10-09T11:28:40.393+0000] {processor.py:186} INFO - Started process (PID=229) to work on /opt/airflow/dags/lic_receipyt_dag.py
[2025-10-09T11:28:40.395+0000] {processor.py:914} INFO - Processing file /opt/airflow/dags/lic_receipyt_dag.py for tasks to queue
[2025-10-09T11:28:40.398+0000] {logging_mixin.py:190} INFO - [2025-10-09T11:28:40.397+0000] {dagbag.py:588} INFO - Filling up the DagBag from /opt/airflow/dags/lic_receipyt_dag.py
[2025-10-09T11:28:40.671+0000] {processor.py:925} INFO - DAG(s) 'insurance_receipt_handler' retrieved from /opt/airflow/dags/lic_receipyt_dag.py
[2025-10-09T11:28:40.780+0000] {logging_mixin.py:190} INFO - [2025-10-09T11:28:40.779+0000] {dag.py:3239} INFO - Sync 1 DAGs
[2025-10-09T11:28:40.820+0000] {logging_mixin.py:190} INFO - [2025-10-09T11:28:40.819+0000] {dag.py:4180} INFO - Setting next_dagrun for insurance_receipt_handler to None, run_after=None
[2025-10-09T11:28:40.861+0000] {processor.py:208} INFO - Processing /opt/airflow/dags/lic_receipyt_dag.py took 0.485 seconds
[2025-10-09T11:29:11.209+0000] {processor.py:186} INFO - Started process (PID=236) to work on /opt/airflow/dags/lic_receipyt_dag.py
[2025-10-09T11:29:11.211+0000] {processor.py:914} INFO - Processing file /opt/airflow/dags/lic_receipyt_dag.py for tasks to queue
[2025-10-09T11:29:11.213+0000] {logging_mixin.py:190} INFO - [2025-10-09T11:29:11.213+0000] {dagbag.py:588} INFO - Filling up the DagBag from /opt/airflow/dags/lic_receipyt_dag.py
[2025-10-09T11:29:11.352+0000] {processor.py:925} INFO - DAG(s) 'insurance_receipt_handler' retrieved from /opt/airflow/dags/lic_receipyt_dag.py
[2025-10-09T11:29:11.387+0000] {logging_mixin.py:190} INFO - [2025-10-09T11:29:11.387+0000] {dag.py:3239} INFO - Sync 1 DAGs
[2025-10-09T11:29:11.410+0000] {logging_mixin.py:190} INFO - [2025-10-09T11:29:11.410+0000] {dag.py:4180} INFO - Setting next_dagrun for insurance_receipt_handler to None, run_after=None
[2025-10-09T11:29:11.444+0000] {processor.py:208} INFO - Processing /opt/airflow/dags/lic_receipyt_dag.py took 0.246 seconds
[2025-10-09T11:29:41.892+0000] {processor.py:186} INFO - Started process (PID=244) to work on /opt/airflow/dags/lic_receipyt_dag.py
[2025-10-09T11:29:41.898+0000] {processor.py:914} INFO - Processing file /opt/airflow/dags/lic_receipyt_dag.py for tasks to queue
[2025-10-09T11:29:41.914+0000] {logging_mixin.py:190} INFO - [2025-10-09T11:29:41.909+0000] {dagbag.py:588} INFO - Filling up the DagBag from /opt/airflow/dags/lic_receipyt_dag.py
[2025-10-09T11:29:42.300+0000] {processor.py:925} INFO - DAG(s) 'insurance_receipt_handler' retrieved from /opt/airflow/dags/lic_receipyt_dag.py
[2025-10-09T11:29:42.381+0000] {logging_mixin.py:190} INFO - [2025-10-09T11:29:42.380+0000] {dag.py:3239} INFO - Sync 1 DAGs
[2025-10-09T11:29:42.428+0000] {logging_mixin.py:190} INFO - [2025-10-09T11:29:42.427+0000] {dag.py:4180} INFO - Setting next_dagrun for insurance_receipt_handler to None, run_after=None
[2025-10-09T11:29:42.480+0000] {processor.py:208} INFO - Processing /opt/airflow/dags/lic_receipyt_dag.py took 0.660 seconds
[2025-10-09T11:30:44.920+0000] {processor.py:186} INFO - Started process (PID=245) to work on /opt/airflow/dags/lic_receipyt_dag.py
[2025-10-09T11:30:45.031+0000] {processor.py:914} INFO - Processing file /opt/airflow/dags/lic_receipyt_dag.py for tasks to queue
[2025-10-09T11:30:45.403+0000] {logging_mixin.py:190} INFO - [2025-10-09T11:30:45.222+0000] {dagbag.py:588} INFO - Filling up the DagBag from /opt/airflow/dags/lic_receipyt_dag.py
[2025-10-09T11:31:15.892+0000] {processor.py:925} INFO - DAG(s) 'insurance_receipt_handler' retrieved from /opt/airflow/dags/lic_receipyt_dag.py
[2025-10-09T11:31:53.636+0000] {processor.py:186} INFO - Started process (PID=252) to work on /opt/airflow/dags/lic_receipyt_dag.py
[2025-10-09T11:31:53.637+0000] {processor.py:914} INFO - Processing file /opt/airflow/dags/lic_receipyt_dag.py for tasks to queue
[2025-10-09T11:31:53.639+0000] {logging_mixin.py:190} INFO - [2025-10-09T11:31:53.639+0000] {dagbag.py:588} INFO - Filling up the DagBag from /opt/airflow/dags/lic_receipyt_dag.py
[2025-10-09T11:31:53.807+0000] {processor.py:925} INFO - DAG(s) 'insurance_receipt_handler' retrieved from /opt/airflow/dags/lic_receipyt_dag.py
[2025-10-09T11:31:53.854+0000] {logging_mixin.py:190} INFO - [2025-10-09T11:31:53.854+0000] {dag.py:3239} INFO - Sync 1 DAGs
[2025-10-09T11:31:53.874+0000] {logging_mixin.py:190} INFO - [2025-10-09T11:31:53.874+0000] {dag.py:4180} INFO - Setting next_dagrun for insurance_receipt_handler to None, run_after=None
[2025-10-09T11:31:53.902+0000] {processor.py:208} INFO - Processing /opt/airflow/dags/lic_receipyt_dag.py took 0.274 seconds
[2025-10-09T11:32:23.992+0000] {processor.py:186} INFO - Started process (PID=258) to work on /opt/airflow/dags/lic_receipyt_dag.py
[2025-10-09T11:32:23.994+0000] {processor.py:914} INFO - Processing file /opt/airflow/dags/lic_receipyt_dag.py for tasks to queue
[2025-10-09T11:32:23.997+0000] {logging_mixin.py:190} INFO - [2025-10-09T11:32:23.996+0000] {dagbag.py:588} INFO - Filling up the DagBag from /opt/airflow/dags/lic_receipyt_dag.py
[2025-10-09T11:32:24.159+0000] {processor.py:925} INFO - DAG(s) 'insurance_receipt_handler' retrieved from /opt/airflow/dags/lic_receipyt_dag.py
[2025-10-09T11:32:24.197+0000] {logging_mixin.py:190} INFO - [2025-10-09T11:32:24.197+0000] {dag.py:3239} INFO - Sync 1 DAGs
[2025-10-09T11:32:24.213+0000] {logging_mixin.py:190} INFO - [2025-10-09T11:32:24.213+0000] {dag.py:4180} INFO - Setting next_dagrun for insurance_receipt_handler to None, run_after=None
[2025-10-09T11:32:24.236+0000] {processor.py:208} INFO - Processing /opt/airflow/dags/lic_receipyt_dag.py took 0.251 seconds
[2025-10-09T11:32:54.533+0000] {processor.py:186} INFO - Started process (PID=265) to work on /opt/airflow/dags/lic_receipyt_dag.py
[2025-10-09T11:32:54.535+0000] {processor.py:914} INFO - Processing file /opt/airflow/dags/lic_receipyt_dag.py for tasks to queue
[2025-10-09T11:32:54.538+0000] {logging_mixin.py:190} INFO - [2025-10-09T11:32:54.537+0000] {dagbag.py:588} INFO - Filling up the DagBag from /opt/airflow/dags/lic_receipyt_dag.py
[2025-10-09T11:32:54.721+0000] {processor.py:925} INFO - DAG(s) 'insurance_receipt_handler' retrieved from /opt/airflow/dags/lic_receipyt_dag.py
[2025-10-09T11:32:54.785+0000] {logging_mixin.py:190} INFO - [2025-10-09T11:32:54.785+0000] {dag.py:3239} INFO - Sync 1 DAGs
[2025-10-09T11:32:54.811+0000] {logging_mixin.py:190} INFO - [2025-10-09T11:32:54.811+0000] {dag.py:4180} INFO - Setting next_dagrun for insurance_receipt_handler to None, run_after=None
[2025-10-09T11:32:55.247+0000] {processor.py:208} INFO - Processing /opt/airflow/dags/lic_receipyt_dag.py took 0.723 seconds
[2025-10-09T11:33:25.644+0000] {processor.py:186} INFO - Started process (PID=272) to work on /opt/airflow/dags/lic_receipyt_dag.py
[2025-10-09T11:33:25.646+0000] {processor.py:914} INFO - Processing file /opt/airflow/dags/lic_receipyt_dag.py for tasks to queue
[2025-10-09T11:33:25.650+0000] {logging_mixin.py:190} INFO - [2025-10-09T11:33:25.650+0000] {dagbag.py:588} INFO - Filling up the DagBag from /opt/airflow/dags/lic_receipyt_dag.py
[2025-10-09T11:33:25.823+0000] {processor.py:925} INFO - DAG(s) 'insurance_receipt_handler' retrieved from /opt/airflow/dags/lic_receipyt_dag.py
[2025-10-09T11:33:25.861+0000] {logging_mixin.py:190} INFO - [2025-10-09T11:33:25.860+0000] {dag.py:3239} INFO - Sync 1 DAGs
[2025-10-09T11:33:25.882+0000] {logging_mixin.py:190} INFO - [2025-10-09T11:33:25.881+0000] {dag.py:4180} INFO - Setting next_dagrun for insurance_receipt_handler to None, run_after=None
[2025-10-09T11:33:25.919+0000] {processor.py:208} INFO - Processing /opt/airflow/dags/lic_receipyt_dag.py took 0.289 seconds
[2025-10-09T11:33:56.152+0000] {processor.py:186} INFO - Started process (PID=279) to work on /opt/airflow/dags/lic_receipyt_dag.py
[2025-10-09T11:33:56.154+0000] {processor.py:914} INFO - Processing file /opt/airflow/dags/lic_receipyt_dag.py for tasks to queue
[2025-10-09T11:33:56.155+0000] {logging_mixin.py:190} INFO - [2025-10-09T11:33:56.155+0000] {dagbag.py:588} INFO - Filling up the DagBag from /opt/airflow/dags/lic_receipyt_dag.py
[2025-10-09T11:33:56.366+0000] {processor.py:925} INFO - DAG(s) 'insurance_receipt_handler' retrieved from /opt/airflow/dags/lic_receipyt_dag.py
[2025-10-09T11:33:56.421+0000] {logging_mixin.py:190} INFO - [2025-10-09T11:33:56.421+0000] {dag.py:3239} INFO - Sync 1 DAGs
[2025-10-09T11:33:56.443+0000] {logging_mixin.py:190} INFO - [2025-10-09T11:33:56.443+0000] {dag.py:4180} INFO - Setting next_dagrun for insurance_receipt_handler to None, run_after=None
[2025-10-09T11:33:56.480+0000] {processor.py:208} INFO - Processing /opt/airflow/dags/lic_receipyt_dag.py took 0.336 seconds
[2025-10-09T11:35:24.022+0000] {processor.py:186} INFO - Started process (PID=280) to work on /opt/airflow/dags/lic_receipyt_dag.py
[2025-10-09T11:35:30.161+0000] {processor.py:914} INFO - Processing file /opt/airflow/dags/lic_receipyt_dag.py for tasks to queue
[2025-10-09T11:35:58.144+0000] {logging_mixin.py:190} INFO - [2025-10-09T11:35:45.616+0000] {dagbag.py:588} INFO - Filling up the DagBag from /opt/airflow/dags/lic_receipyt_dag.py
[2025-10-09T11:37:18.278+0000] {processor.py:186} INFO - Started process (PID=281) to work on /opt/airflow/dags/lic_receipyt_dag.py
[2025-10-09T11:37:18.282+0000] {processor.py:914} INFO - Processing file /opt/airflow/dags/lic_receipyt_dag.py for tasks to queue
[2025-10-09T11:37:18.285+0000] {logging_mixin.py:190} INFO - [2025-10-09T11:37:18.284+0000] {dagbag.py:588} INFO - Filling up the DagBag from /opt/airflow/dags/lic_receipyt_dag.py
[2025-10-09T11:37:18.549+0000] {processor.py:925} INFO - DAG(s) 'insurance_receipt_handler' retrieved from /opt/airflow/dags/lic_receipyt_dag.py
[2025-10-09T11:37:20.564+0000] {logging_mixin.py:190} INFO - [2025-10-09T11:37:20.564+0000] {dag.py:3239} INFO - Sync 1 DAGs
[2025-10-09T11:37:20.590+0000] {logging_mixin.py:190} INFO - [2025-10-09T11:37:20.589+0000] {dag.py:4180} INFO - Setting next_dagrun for insurance_receipt_handler to None, run_after=None
[2025-10-09T11:37:20.635+0000] {processor.py:208} INFO - Processing /opt/airflow/dags/lic_receipyt_dag.py took 2.384 seconds
[2025-10-09T11:37:51.013+0000] {processor.py:186} INFO - Started process (PID=295) to work on /opt/airflow/dags/lic_receipyt_dag.py
[2025-10-09T11:37:51.015+0000] {processor.py:914} INFO - Processing file /opt/airflow/dags/lic_receipyt_dag.py for tasks to queue
[2025-10-09T11:37:51.018+0000] {logging_mixin.py:190} INFO - [2025-10-09T11:37:51.017+0000] {dagbag.py:588} INFO - Filling up the DagBag from /opt/airflow/dags/lic_receipyt_dag.py
[2025-10-09T11:37:51.241+0000] {processor.py:925} INFO - DAG(s) 'insurance_receipt_handler' retrieved from /opt/airflow/dags/lic_receipyt_dag.py
[2025-10-09T11:37:51.311+0000] {logging_mixin.py:190} INFO - [2025-10-09T11:37:51.310+0000] {dag.py:3239} INFO - Sync 1 DAGs
[2025-10-09T11:37:51.350+0000] {logging_mixin.py:190} INFO - [2025-10-09T11:37:51.350+0000] {dag.py:4180} INFO - Setting next_dagrun for insurance_receipt_handler to None, run_after=None
[2025-10-09T11:37:51.694+0000] {processor.py:208} INFO - Processing /opt/airflow/dags/lic_receipyt_dag.py took 0.697 seconds
[2025-10-09T11:38:22.372+0000] {processor.py:186} INFO - Started process (PID=301) to work on /opt/airflow/dags/lic_receipyt_dag.py
[2025-10-09T11:38:22.375+0000] {processor.py:914} INFO - Processing file /opt/airflow/dags/lic_receipyt_dag.py for tasks to queue
[2025-10-09T11:38:22.386+0000] {logging_mixin.py:190} INFO - [2025-10-09T11:38:22.382+0000] {dagbag.py:588} INFO - Filling up the DagBag from /opt/airflow/dags/lic_receipyt_dag.py
[2025-10-09T11:38:22.977+0000] {processor.py:925} INFO - DAG(s) 'insurance_receipt_handler' retrieved from /opt/airflow/dags/lic_receipyt_dag.py
[2025-10-09T11:38:23.222+0000] {logging_mixin.py:190} INFO - [2025-10-09T11:38:23.221+0000] {dag.py:3239} INFO - Sync 1 DAGs
[2025-10-09T11:38:23.438+0000] {logging_mixin.py:190} INFO - [2025-10-09T11:38:23.438+0000] {dag.py:4180} INFO - Setting next_dagrun for insurance_receipt_handler to None, run_after=None
[2025-10-09T11:38:23.536+0000] {processor.py:208} INFO - Processing /opt/airflow/dags/lic_receipyt_dag.py took 1.191 seconds
[2025-10-09T11:40:11.986+0000] {processor.py:186} INFO - Started process (PID=302) to work on /opt/airflow/dags/lic_receipyt_dag.py
[2025-10-09T11:40:14.292+0000] {processor.py:914} INFO - Processing file /opt/airflow/dags/lic_receipyt_dag.py for tasks to queue
[2025-10-09T11:40:29.810+0000] {logging_mixin.py:190} INFO - [2025-10-09T11:40:23.379+0000] {dagbag.py:588} INFO - Filling up the DagBag from /opt/airflow/dags/lic_receipyt_dag.py
[2025-10-09T11:41:36.220+0000] {processor.py:186} INFO - Started process (PID=303) to work on /opt/airflow/dags/lic_receipyt_dag.py
[2025-10-09T11:41:36.223+0000] {processor.py:914} INFO - Processing file /opt/airflow/dags/lic_receipyt_dag.py for tasks to queue
[2025-10-09T11:41:36.227+0000] {logging_mixin.py:190} INFO - [2025-10-09T11:41:36.225+0000] {dagbag.py:588} INFO - Filling up the DagBag from /opt/airflow/dags/lic_receipyt_dag.py
[2025-10-09T11:41:36.486+0000] {processor.py:925} INFO - DAG(s) 'insurance_receipt_handler' retrieved from /opt/airflow/dags/lic_receipyt_dag.py
[2025-10-09T11:41:38.068+0000] {logging_mixin.py:190} INFO - [2025-10-09T11:41:38.068+0000] {dag.py:3239} INFO - Sync 1 DAGs
[2025-10-09T11:41:38.099+0000] {logging_mixin.py:190} INFO - [2025-10-09T11:41:38.098+0000] {dag.py:4180} INFO - Setting next_dagrun for insurance_receipt_handler to None, run_after=None
[2025-10-09T11:41:38.139+0000] {processor.py:208} INFO - Processing /opt/airflow/dags/lic_receipyt_dag.py took 1.939 seconds
[2025-10-09T11:42:08.502+0000] {processor.py:186} INFO - Started process (PID=316) to work on /opt/airflow/dags/lic_receipyt_dag.py
[2025-10-09T11:42:08.504+0000] {processor.py:914} INFO - Processing file /opt/airflow/dags/lic_receipyt_dag.py for tasks to queue
[2025-10-09T11:42:08.513+0000] {logging_mixin.py:190} INFO - [2025-10-09T11:42:08.512+0000] {dagbag.py:588} INFO - Filling up the DagBag from /opt/airflow/dags/lic_receipyt_dag.py
[2025-10-09T11:42:08.783+0000] {processor.py:925} INFO - DAG(s) 'insurance_receipt_handler' retrieved from /opt/airflow/dags/lic_receipyt_dag.py
[2025-10-09T11:42:08.844+0000] {logging_mixin.py:190} INFO - [2025-10-09T11:42:08.843+0000] {dag.py:3239} INFO - Sync 1 DAGs
[2025-10-09T11:42:08.881+0000] {logging_mixin.py:190} INFO - [2025-10-09T11:42:08.881+0000] {dag.py:4180} INFO - Setting next_dagrun for insurance_receipt_handler to None, run_after=None
[2025-10-09T11:42:08.926+0000] {processor.py:208} INFO - Processing /opt/airflow/dags/lic_receipyt_dag.py took 0.437 seconds
[2025-10-09T11:42:39.276+0000] {processor.py:186} INFO - Started process (PID=323) to work on /opt/airflow/dags/lic_receipyt_dag.py
[2025-10-09T11:42:39.278+0000] {processor.py:914} INFO - Processing file /opt/airflow/dags/lic_receipyt_dag.py for tasks to queue
[2025-10-09T11:42:39.281+0000] {logging_mixin.py:190} INFO - [2025-10-09T11:42:39.280+0000] {dagbag.py:588} INFO - Filling up the DagBag from /opt/airflow/dags/lic_receipyt_dag.py
[2025-10-09T11:42:39.424+0000] {processor.py:925} INFO - DAG(s) 'insurance_receipt_handler' retrieved from /opt/airflow/dags/lic_receipyt_dag.py
[2025-10-09T11:42:39.464+0000] {logging_mixin.py:190} INFO - [2025-10-09T11:42:39.464+0000] {dag.py:3239} INFO - Sync 1 DAGs
[2025-10-09T11:42:39.484+0000] {logging_mixin.py:190} INFO - [2025-10-09T11:42:39.484+0000] {dag.py:4180} INFO - Setting next_dagrun for insurance_receipt_handler to None, run_after=None
[2025-10-09T11:42:39.530+0000] {processor.py:208} INFO - Processing /opt/airflow/dags/lic_receipyt_dag.py took 0.265 seconds
[2025-10-09T11:43:09.860+0000] {processor.py:186} INFO - Started process (PID=330) to work on /opt/airflow/dags/lic_receipyt_dag.py
[2025-10-09T11:43:09.861+0000] {processor.py:914} INFO - Processing file /opt/airflow/dags/lic_receipyt_dag.py for tasks to queue
[2025-10-09T11:43:09.864+0000] {logging_mixin.py:190} INFO - [2025-10-09T11:43:09.863+0000] {dagbag.py:588} INFO - Filling up the DagBag from /opt/airflow/dags/lic_receipyt_dag.py
[2025-10-09T11:43:10.027+0000] {processor.py:925} INFO - DAG(s) 'insurance_receipt_handler' retrieved from /opt/airflow/dags/lic_receipyt_dag.py
[2025-10-09T11:43:10.073+0000] {logging_mixin.py:190} INFO - [2025-10-09T11:43:10.072+0000] {dag.py:3239} INFO - Sync 1 DAGs
[2025-10-09T11:43:10.099+0000] {logging_mixin.py:190} INFO - [2025-10-09T11:43:10.098+0000] {dag.py:4180} INFO - Setting next_dagrun for insurance_receipt_handler to None, run_after=None
[2025-10-09T11:43:10.135+0000] {processor.py:208} INFO - Processing /opt/airflow/dags/lic_receipyt_dag.py took 0.287 seconds
[2025-10-09T12:24:43.925+0000] {processor.py:186} INFO - Started process (PID=331) to work on /opt/airflow/dags/lic_receipyt_dag.py
[2025-10-09T12:24:43.929+0000] {processor.py:914} INFO - Processing file /opt/airflow/dags/lic_receipyt_dag.py for tasks to queue
[2025-10-09T12:24:43.942+0000] {logging_mixin.py:190} INFO - [2025-10-09T12:24:43.941+0000] {dagbag.py:588} INFO - Filling up the DagBag from /opt/airflow/dags/lic_receipyt_dag.py
[2025-10-09T12:24:41.904+0000] {processor.py:925} INFO - DAG(s) 'insurance_receipt_handler' retrieved from /opt/airflow/dags/lic_receipyt_dag.py
[2025-10-09T12:24:42.751+0000] {logging_mixin.py:190} INFO - [2025-10-09T12:24:42.751+0000] {dag.py:3239} INFO - Sync 1 DAGs
[2025-10-09T12:24:42.883+0000] {logging_mixin.py:190} INFO - [2025-10-09T12:24:42.882+0000] {dag.py:4180} INFO - Setting next_dagrun for insurance_receipt_handler to None, run_after=None
[2025-10-09T12:24:43.066+0000] {processor.py:208} INFO - Processing /opt/airflow/dags/lic_receipyt_dag.py took 4.579 seconds
[2025-10-09T12:25:13.553+0000] {processor.py:186} INFO - Started process (PID=338) to work on /opt/airflow/dags/lic_receipyt_dag.py
[2025-10-09T12:25:13.554+0000] {processor.py:914} INFO - Processing file /opt/airflow/dags/lic_receipyt_dag.py for tasks to queue
[2025-10-09T12:25:13.556+0000] {logging_mixin.py:190} INFO - [2025-10-09T12:25:13.556+0000] {dagbag.py:588} INFO - Filling up the DagBag from /opt/airflow/dags/lic_receipyt_dag.py
[2025-10-09T12:25:13.734+0000] {processor.py:925} INFO - DAG(s) 'insurance_receipt_handler' retrieved from /opt/airflow/dags/lic_receipyt_dag.py
[2025-10-09T12:25:13.784+0000] {logging_mixin.py:190} INFO - [2025-10-09T12:25:13.783+0000] {dag.py:3239} INFO - Sync 1 DAGs
[2025-10-09T12:25:13.812+0000] {logging_mixin.py:190} INFO - [2025-10-09T12:25:13.812+0000] {dag.py:4180} INFO - Setting next_dagrun for insurance_receipt_handler to None, run_after=None
[2025-10-09T12:25:13.855+0000] {processor.py:208} INFO - Processing /opt/airflow/dags/lic_receipyt_dag.py took 0.310 seconds
[2025-10-09T12:28:47.910+0000] {processor.py:186} INFO - Started process (PID=345) to work on /opt/airflow/dags/lic_receipyt_dag.py
[2025-10-09T12:28:47.927+0000] {processor.py:914} INFO - Processing file /opt/airflow/dags/lic_receipyt_dag.py for tasks to queue
[2025-10-09T12:28:47.933+0000] {logging_mixin.py:190} INFO - [2025-10-09T12:28:47.932+0000] {dagbag.py:588} INFO - Filling up the DagBag from /opt/airflow/dags/lic_receipyt_dag.py
[2025-10-09T12:29:28.104+0000] {processor.py:186} INFO - Started process (PID=352) to work on /opt/airflow/dags/lic_receipyt_dag.py
[2025-10-09T12:29:28.106+0000] {processor.py:914} INFO - Processing file /opt/airflow/dags/lic_receipyt_dag.py for tasks to queue
[2025-10-09T12:29:28.108+0000] {logging_mixin.py:190} INFO - [2025-10-09T12:29:28.107+0000] {dagbag.py:588} INFO - Filling up the DagBag from /opt/airflow/dags/lic_receipyt_dag.py
[2025-10-09T12:29:28.294+0000] {processor.py:925} INFO - DAG(s) 'insurance_receipt_handler' retrieved from /opt/airflow/dags/lic_receipyt_dag.py
[2025-10-09T12:29:28.340+0000] {logging_mixin.py:190} INFO - [2025-10-09T12:29:28.340+0000] {dag.py:3239} INFO - Sync 1 DAGs
[2025-10-09T12:29:28.363+0000] {logging_mixin.py:190} INFO - [2025-10-09T12:29:28.363+0000] {dag.py:4180} INFO - Setting next_dagrun for insurance_receipt_handler to None, run_after=None
[2025-10-09T12:29:28.396+0000] {processor.py:208} INFO - Processing /opt/airflow/dags/lic_receipyt_dag.py took 0.304 seconds
[2025-10-09T12:29:58.646+0000] {processor.py:186} INFO - Started process (PID=359) to work on /opt/airflow/dags/lic_receipyt_dag.py
[2025-10-09T12:29:58.648+0000] {processor.py:914} INFO - Processing file /opt/airflow/dags/lic_receipyt_dag.py for tasks to queue
[2025-10-09T12:29:58.651+0000] {logging_mixin.py:190} INFO - [2025-10-09T12:29:58.650+0000] {dagbag.py:588} INFO - Filling up the DagBag from /opt/airflow/dags/lic_receipyt_dag.py
[2025-10-09T12:29:58.822+0000] {processor.py:925} INFO - DAG(s) 'insurance_receipt_handler' retrieved from /opt/airflow/dags/lic_receipyt_dag.py
[2025-10-09T12:29:58.880+0000] {logging_mixin.py:190} INFO - [2025-10-09T12:29:58.880+0000] {dag.py:3239} INFO - Sync 1 DAGs
[2025-10-09T12:29:58.906+0000] {logging_mixin.py:190} INFO - [2025-10-09T12:29:58.906+0000] {dag.py:4180} INFO - Setting next_dagrun for insurance_receipt_handler to None, run_after=None
[2025-10-09T12:29:58.930+0000] {processor.py:208} INFO - Processing /opt/airflow/dags/lic_receipyt_dag.py took 0.290 seconds
[2025-10-09T12:30:29.046+0000] {processor.py:186} INFO - Started process (PID=367) to work on /opt/airflow/dags/lic_receipyt_dag.py
[2025-10-09T12:30:29.048+0000] {processor.py:914} INFO - Processing file /opt/airflow/dags/lic_receipyt_dag.py for tasks to queue
[2025-10-09T12:30:29.049+0000] {logging_mixin.py:190} INFO - [2025-10-09T12:30:29.049+0000] {dagbag.py:588} INFO - Filling up the DagBag from /opt/airflow/dags/lic_receipyt_dag.py
[2025-10-09T12:30:29.168+0000] {processor.py:925} INFO - DAG(s) 'insurance_receipt_handler' retrieved from /opt/airflow/dags/lic_receipyt_dag.py
[2025-10-09T12:30:29.209+0000] {logging_mixin.py:190} INFO - [2025-10-09T12:30:29.209+0000] {dag.py:3239} INFO - Sync 1 DAGs
[2025-10-09T12:30:29.230+0000] {logging_mixin.py:190} INFO - [2025-10-09T12:30:29.230+0000] {dag.py:4180} INFO - Setting next_dagrun for insurance_receipt_handler to None, run_after=None
[2025-10-09T12:30:29.258+0000] {processor.py:208} INFO - Processing /opt/airflow/dags/lic_receipyt_dag.py took 0.219 seconds
[2025-10-09T12:30:59.594+0000] {processor.py:186} INFO - Started process (PID=374) to work on /opt/airflow/dags/lic_receipyt_dag.py
[2025-10-09T12:30:59.596+0000] {processor.py:914} INFO - Processing file /opt/airflow/dags/lic_receipyt_dag.py for tasks to queue
[2025-10-09T12:30:59.598+0000] {logging_mixin.py:190} INFO - [2025-10-09T12:30:59.598+0000] {dagbag.py:588} INFO - Filling up the DagBag from /opt/airflow/dags/lic_receipyt_dag.py
[2025-10-09T12:30:59.790+0000] {processor.py:925} INFO - DAG(s) 'insurance_receipt_handler' retrieved from /opt/airflow/dags/lic_receipyt_dag.py
[2025-10-09T12:30:59.838+0000] {logging_mixin.py:190} INFO - [2025-10-09T12:30:59.838+0000] {dag.py:3239} INFO - Sync 1 DAGs
[2025-10-09T12:30:59.875+0000] {logging_mixin.py:190} INFO - [2025-10-09T12:30:59.875+0000] {dag.py:4180} INFO - Setting next_dagrun for insurance_receipt_handler to None, run_after=None
[2025-10-09T12:30:59.916+0000] {processor.py:208} INFO - Processing /opt/airflow/dags/lic_receipyt_dag.py took 0.334 seconds
[2025-10-09T12:31:30.302+0000] {processor.py:186} INFO - Started process (PID=381) to work on /opt/airflow/dags/lic_receipyt_dag.py
[2025-10-09T12:31:30.316+0000] {processor.py:914} INFO - Processing file /opt/airflow/dags/lic_receipyt_dag.py for tasks to queue
[2025-10-09T12:31:30.327+0000] {logging_mixin.py:190} INFO - [2025-10-09T12:31:30.320+0000] {dagbag.py:588} INFO - Filling up the DagBag from /opt/airflow/dags/lic_receipyt_dag.py
[2025-10-09T12:32:06.943+0000] {logging_mixin.py:190} INFO - [2025-10-09T12:32:02.576+0000] {timeout.py:68} ERROR - Process timed out, PID: 381
[2025-10-09T12:32:28.276+0000] {logging_mixin.py:190} INFO - [2025-10-09T12:32:06.959+0000] {dagbag.py:387} ERROR - Failed to import: /opt/airflow/dags/lic_receipyt_dag.py
Traceback (most recent call last):
  File "/home/airflow/.local/lib/python3.12/site-packages/airflow/models/dagbag.py", line 383, in parse
    loader.exec_module(new_module)
  File "<frozen importlib._bootstrap_external>", line 999, in exec_module
  File "<frozen importlib._bootstrap>", line 488, in _call_with_frames_removed
  File "/opt/airflow/dags/lic_receipyt_dag.py", line 9, in <module>
    from PyPDF2 import PdfReader
  File "/home/airflow/.local/lib/python3.12/site-packages/PyPDF2/__init__.py", line 13, in <module>
    from ._merger import PdfFileMerger, PdfMerger
  File "/home/airflow/.local/lib/python3.12/site-packages/PyPDF2/_merger.py", line 46, in <module>
    from ._reader import PdfReader
  File "/home/airflow/.local/lib/python3.12/site-packages/PyPDF2/_reader.py", line 101, in <module>
    from .xmp import XmpInformation
  File "/home/airflow/.local/lib/python3.12/site-packages/PyPDF2/xmp.py", line 62, in <module>
    iso8601 = re.compile(
              ^^^^^^^^^^^
  File "/usr/local/lib/python3.12/re/__init__.py", line 228, in compile
    return _compile(pattern, flags)
           ^^^^^^^^^^^^^^^^^^^^^^^^
  File "/usr/local/lib/python3.12/re/__init__.py", line 307, in _compile
    p = _compiler.compile(pattern, flags)
        ^^^^^^^^^^^^^^^^^^^^^^^^^^^^^^^^^
  File "/usr/local/lib/python3.12/re/_compiler.py", line 754, in compile
    code = _code(p, flags)
           ^^^^^^^^^^^^^^^
  File "/usr/local/lib/python3.12/re/_compiler.py", line 587, in _code
    _compile(code, p.data, flags)
  File "/usr/local/lib/python3.12/re/_compiler.py", line 119, in _compile
    _compile(code, av[2], flags)
  File "/usr/local/lib/python3.12/re/_compiler.py", line 128, in _compile
    _compile(code, p, _combine_flags(flags, add_flags, del_flags))
  File "/usr/local/lib/python3.12/re/_compiler.py", line 119, in _compile
    _compile(code, av[2], flags)
  File "/usr/local/lib/python3.12/re/_compiler.py", line 128, in _compile
    _compile(code, p, _combine_flags(flags, add_flags, del_flags))
  File "/usr/local/lib/python3.12/re/_compiler.py", line 119, in _compile
    _compile(code, av[2], flags)
  File "/usr/local/lib/python3.12/re/_compiler.py", line 128, in _compile
    _compile(code, p, _combine_flags(flags, add_flags, del_flags))
  File "/usr/local/lib/python3.12/re/_compiler.py", line 128, in _compile
    _compile(code, p, _combine_flags(flags, add_flags, del_flags))
  File "/usr/local/lib/python3.12/re/_compiler.py", line 176, in _compile
    _compile(code, av, flags)
  File "/usr/local/lib/python3.12/re/_compiler.py", line 86, in _compile
    charset, hascased = _optimize_charset(av, iscased, tolower, fixes)
                        ^^^^^^^^^^^^^^^^^^^^^^^^^^^^^^^^^^^^^^^^^^^^^^
  File "/usr/local/lib/python3.12/re/_compiler.py", line 317, in _optimize_charset
    p = charmap.find(1, q)
        ^^^^^^^^^^^^^^^^^^
  File "/home/airflow/.local/lib/python3.12/site-packages/airflow/utils/timeout.py", line 69, in handle_timeout
    raise AirflowTaskTimeout(self.error_message)
airflow.exceptions.AirflowTaskTimeout: DagBag import timeout for /opt/airflow/dags/lic_receipyt_dag.py after 30.0s.
Please take a look at these docs to improve your DAG import time:
* https://airflow.apache.org/docs/apache-airflow/2.10.5/best-practices.html#top-level-python-code
* https://airflow.apache.org/docs/apache-airflow/2.10.5/best-practices.html#reducing-dag-complexity, PID: 381
[2025-10-09T12:32:28.312+0000] {processor.py:927} WARNING - No viable dags retrieved from /opt/airflow/dags/lic_receipyt_dag.py
[2025-10-09T12:32:58.807+0000] {processor.py:186} INFO - Started process (PID=388) to work on /opt/airflow/dags/lic_receipyt_dag.py
[2025-10-09T12:32:58.809+0000] {processor.py:914} INFO - Processing file /opt/airflow/dags/lic_receipyt_dag.py for tasks to queue
[2025-10-09T12:32:58.811+0000] {logging_mixin.py:190} INFO - [2025-10-09T12:32:58.810+0000] {dagbag.py:588} INFO - Filling up the DagBag from /opt/airflow/dags/lic_receipyt_dag.py
[2025-10-09T12:32:58.962+0000] {processor.py:925} INFO - DAG(s) 'insurance_receipt_handler' retrieved from /opt/airflow/dags/lic_receipyt_dag.py
[2025-10-09T12:32:59.011+0000] {logging_mixin.py:190} INFO - [2025-10-09T12:32:59.010+0000] {dag.py:3239} INFO - Sync 1 DAGs
[2025-10-09T12:32:59.028+0000] {logging_mixin.py:190} INFO - [2025-10-09T12:32:59.027+0000] {dag.py:4180} INFO - Setting next_dagrun for insurance_receipt_handler to None, run_after=None
[2025-10-09T12:32:59.050+0000] {processor.py:208} INFO - Processing /opt/airflow/dags/lic_receipyt_dag.py took 0.252 seconds
[2025-10-09T12:33:29.186+0000] {processor.py:186} INFO - Started process (PID=395) to work on /opt/airflow/dags/lic_receipyt_dag.py
[2025-10-09T12:33:29.188+0000] {processor.py:914} INFO - Processing file /opt/airflow/dags/lic_receipyt_dag.py for tasks to queue
[2025-10-09T12:33:29.190+0000] {logging_mixin.py:190} INFO - [2025-10-09T12:33:29.190+0000] {dagbag.py:588} INFO - Filling up the DagBag from /opt/airflow/dags/lic_receipyt_dag.py
[2025-10-09T12:33:29.382+0000] {processor.py:925} INFO - DAG(s) 'insurance_receipt_handler' retrieved from /opt/airflow/dags/lic_receipyt_dag.py
[2025-10-09T12:33:29.426+0000] {logging_mixin.py:190} INFO - [2025-10-09T12:33:29.426+0000] {dag.py:3239} INFO - Sync 1 DAGs
[2025-10-09T12:33:29.445+0000] {logging_mixin.py:190} INFO - [2025-10-09T12:33:29.445+0000] {dag.py:4180} INFO - Setting next_dagrun for insurance_receipt_handler to None, run_after=None
[2025-10-09T12:33:29.474+0000] {processor.py:208} INFO - Processing /opt/airflow/dags/lic_receipyt_dag.py took 0.298 seconds
[2025-10-09T12:33:59.712+0000] {processor.py:186} INFO - Started process (PID=402) to work on /opt/airflow/dags/lic_receipyt_dag.py
[2025-10-09T12:33:59.714+0000] {processor.py:914} INFO - Processing file /opt/airflow/dags/lic_receipyt_dag.py for tasks to queue
[2025-10-09T12:33:59.716+0000] {logging_mixin.py:190} INFO - [2025-10-09T12:33:59.716+0000] {dagbag.py:588} INFO - Filling up the DagBag from /opt/airflow/dags/lic_receipyt_dag.py
[2025-10-09T12:33:59.887+0000] {processor.py:925} INFO - DAG(s) 'insurance_receipt_handler' retrieved from /opt/airflow/dags/lic_receipyt_dag.py
[2025-10-09T12:33:59.929+0000] {logging_mixin.py:190} INFO - [2025-10-09T12:33:59.928+0000] {dag.py:3239} INFO - Sync 1 DAGs
[2025-10-09T12:33:59.946+0000] {logging_mixin.py:190} INFO - [2025-10-09T12:33:59.946+0000] {dag.py:4180} INFO - Setting next_dagrun for insurance_receipt_handler to None, run_after=None
[2025-10-09T12:33:59.972+0000] {processor.py:208} INFO - Processing /opt/airflow/dags/lic_receipyt_dag.py took 0.269 seconds
[2025-10-09T12:34:30.077+0000] {processor.py:186} INFO - Started process (PID=409) to work on /opt/airflow/dags/lic_receipyt_dag.py
[2025-10-09T12:34:30.079+0000] {processor.py:914} INFO - Processing file /opt/airflow/dags/lic_receipyt_dag.py for tasks to queue
[2025-10-09T12:34:30.081+0000] {logging_mixin.py:190} INFO - [2025-10-09T12:34:30.080+0000] {dagbag.py:588} INFO - Filling up the DagBag from /opt/airflow/dags/lic_receipyt_dag.py
[2025-10-09T12:34:30.217+0000] {processor.py:925} INFO - DAG(s) 'insurance_receipt_handler' retrieved from /opt/airflow/dags/lic_receipyt_dag.py
[2025-10-09T12:34:30.295+0000] {logging_mixin.py:190} INFO - [2025-10-09T12:34:30.295+0000] {dag.py:3239} INFO - Sync 1 DAGs
[2025-10-09T12:34:30.311+0000] {logging_mixin.py:190} INFO - [2025-10-09T12:34:30.311+0000] {dag.py:4180} INFO - Setting next_dagrun for insurance_receipt_handler to None, run_after=None
[2025-10-09T12:34:30.346+0000] {processor.py:208} INFO - Processing /opt/airflow/dags/lic_receipyt_dag.py took 0.279 seconds
[2025-10-09T12:35:21.291+0000] {processor.py:186} INFO - Started process (PID=416) to work on /opt/airflow/dags/lic_receipyt_dag.py
[2025-10-09T12:35:21.295+0000] {processor.py:914} INFO - Processing file /opt/airflow/dags/lic_receipyt_dag.py for tasks to queue
[2025-10-09T12:35:21.299+0000] {logging_mixin.py:190} INFO - [2025-10-09T12:35:21.298+0000] {dagbag.py:588} INFO - Filling up the DagBag from /opt/airflow/dags/lic_receipyt_dag.py
[2025-10-09T12:35:21.594+0000] {processor.py:925} INFO - DAG(s) 'insurance_receipt_handler' retrieved from /opt/airflow/dags/lic_receipyt_dag.py
[2025-10-09T12:35:22.140+0000] {logging_mixin.py:190} INFO - [2025-10-09T12:35:22.139+0000] {dag.py:3239} INFO - Sync 1 DAGs
[2025-10-09T12:35:23.651+0000] {logging_mixin.py:190} INFO - [2025-10-09T12:35:23.649+0000] {dag.py:4180} INFO - Setting next_dagrun for insurance_receipt_handler to None, run_after=None
[2025-10-09T12:35:23.687+0000] {processor.py:208} INFO - Processing /opt/airflow/dags/lic_receipyt_dag.py took 2.419 seconds
[2025-10-09T12:35:53.975+0000] {processor.py:186} INFO - Started process (PID=429) to work on /opt/airflow/dags/lic_receipyt_dag.py
[2025-10-09T12:35:53.977+0000] {processor.py:914} INFO - Processing file /opt/airflow/dags/lic_receipyt_dag.py for tasks to queue
[2025-10-09T12:35:53.980+0000] {logging_mixin.py:190} INFO - [2025-10-09T12:35:53.980+0000] {dagbag.py:588} INFO - Filling up the DagBag from /opt/airflow/dags/lic_receipyt_dag.py
[2025-10-09T12:35:54.137+0000] {processor.py:925} INFO - DAG(s) 'insurance_receipt_handler' retrieved from /opt/airflow/dags/lic_receipyt_dag.py
[2025-10-09T12:35:54.182+0000] {logging_mixin.py:190} INFO - [2025-10-09T12:35:54.181+0000] {dag.py:3239} INFO - Sync 1 DAGs
[2025-10-09T12:35:54.210+0000] {logging_mixin.py:190} INFO - [2025-10-09T12:35:54.210+0000] {dag.py:4180} INFO - Setting next_dagrun for insurance_receipt_handler to None, run_after=None
[2025-10-09T12:35:54.249+0000] {processor.py:208} INFO - Processing /opt/airflow/dags/lic_receipyt_dag.py took 0.284 seconds
[2025-10-09T12:36:24.581+0000] {processor.py:186} INFO - Started process (PID=436) to work on /opt/airflow/dags/lic_receipyt_dag.py
[2025-10-09T12:36:24.583+0000] {processor.py:914} INFO - Processing file /opt/airflow/dags/lic_receipyt_dag.py for tasks to queue
[2025-10-09T12:36:24.585+0000] {logging_mixin.py:190} INFO - [2025-10-09T12:36:24.585+0000] {dagbag.py:588} INFO - Filling up the DagBag from /opt/airflow/dags/lic_receipyt_dag.py
[2025-10-09T12:36:24.699+0000] {processor.py:925} INFO - DAG(s) 'insurance_receipt_handler' retrieved from /opt/airflow/dags/lic_receipyt_dag.py
[2025-10-09T12:36:24.733+0000] {logging_mixin.py:190} INFO - [2025-10-09T12:36:24.733+0000] {dag.py:3239} INFO - Sync 1 DAGs
[2025-10-09T12:36:24.750+0000] {logging_mixin.py:190} INFO - [2025-10-09T12:36:24.750+0000] {dag.py:4180} INFO - Setting next_dagrun for insurance_receipt_handler to None, run_after=None
[2025-10-09T12:36:24.774+0000] {processor.py:208} INFO - Processing /opt/airflow/dags/lic_receipyt_dag.py took 0.201 seconds
[2025-10-09T12:36:55.062+0000] {processor.py:186} INFO - Started process (PID=443) to work on /opt/airflow/dags/lic_receipyt_dag.py
[2025-10-09T12:36:55.063+0000] {processor.py:914} INFO - Processing file /opt/airflow/dags/lic_receipyt_dag.py for tasks to queue
[2025-10-09T12:36:55.065+0000] {logging_mixin.py:190} INFO - [2025-10-09T12:36:55.065+0000] {dagbag.py:588} INFO - Filling up the DagBag from /opt/airflow/dags/lic_receipyt_dag.py
[2025-10-09T12:36:55.189+0000] {processor.py:925} INFO - DAG(s) 'insurance_receipt_handler' retrieved from /opt/airflow/dags/lic_receipyt_dag.py
[2025-10-09T12:36:55.233+0000] {logging_mixin.py:190} INFO - [2025-10-09T12:36:55.232+0000] {dag.py:3239} INFO - Sync 1 DAGs
[2025-10-09T12:36:55.257+0000] {logging_mixin.py:190} INFO - [2025-10-09T12:36:55.257+0000] {dag.py:4180} INFO - Setting next_dagrun for insurance_receipt_handler to None, run_after=None
[2025-10-09T12:36:55.283+0000] {processor.py:208} INFO - Processing /opt/airflow/dags/lic_receipyt_dag.py took 0.230 seconds
[2025-10-09T12:37:29.262+0000] {processor.py:186} INFO - Started process (PID=444) to work on /opt/airflow/dags/lic_receipyt_dag.py
[2025-10-09T12:37:29.341+0000] {processor.py:914} INFO - Processing file /opt/airflow/dags/lic_receipyt_dag.py for tasks to queue
[2025-10-09T12:37:29.478+0000] {logging_mixin.py:190} INFO - [2025-10-09T12:37:29.451+0000] {dagbag.py:588} INFO - Filling up the DagBag from /opt/airflow/dags/lic_receipyt_dag.py
[2025-10-09T12:38:13.614+0000] {logging_mixin.py:190} INFO - [2025-10-09T12:38:03.786+0000] {timeout.py:68} ERROR - Process timed out, PID: 444
[2025-10-09T12:38:22.595+0000] {logging_mixin.py:190} INFO - [2025-10-09T12:38:21.602+0000] {dagbag.py:387} ERROR - Failed to import: /opt/airflow/dags/lic_receipyt_dag.py
Traceback (most recent call last):
  File "/home/airflow/.local/lib/python3.12/site-packages/airflow/models/dagbag.py", line 383, in parse
    loader.exec_module(new_module)
  File "<frozen importlib._bootstrap_external>", line 999, in exec_module
  File "<frozen importlib._bootstrap>", line 488, in _call_with_frames_removed
  File "/opt/airflow/dags/lic_receipyt_dag.py", line 9, in <module>
    from PyPDF2 import PdfReader
  File "/home/airflow/.local/lib/python3.12/site-packages/PyPDF2/__init__.py", line 12, in <module>
    from ._encryption import PasswordType
  File "/home/airflow/.local/lib/python3.12/site-packages/PyPDF2/_encryption.py", line 36, in <module>
    from .generic import (
  File "/home/airflow/.local/lib/python3.12/site-packages/PyPDF2/generic/__init__.py", line 36, in <module>
    from ._annotations import AnnotationBuilder
  File "/home/airflow/.local/lib/python3.12/site-packages/PyPDF2/generic/_annotations.py", line 3, in <module>
    from ._base import (
  File "/home/airflow/.local/lib/python3.12/site-packages/PyPDF2/generic/_base.py", line 54, in <module>
    class PdfObject(PdfObjectProtocol):
  File "/home/airflow/.local/lib/python3.12/site-packages/PyPDF2/generic/_base.py", line 57, in PdfObject
    indirect_reference: Optional["IndirectObject"]
                        ~~~~~~~~^^^^^^^^^^^^^^^^^^
  File "/usr/local/lib/python3.12/typing.py", line 395, in inner
    return _caches[func](*args, **kwds)
           ^^^^^^^^^^^^^^^^^^^^^^^^^^^^
  File "/usr/local/lib/python3.12/typing.py", line 517, in __getitem__
    return self._getitem(self, parameters)
           ^^^^^^^^^^^^^^^^^^^^^^^^^^^^^^^
  File "/usr/local/lib/python3.12/typing.py", line 750, in Optional
    arg = _type_check(parameters, f"{self} requires a single type.")
          ^^^^^^^^^^^^^^^^^^^^^^^^^^^^^^^^^^^^^^^^^^^^^^^^^^^^^^^^^^
  File "/usr/local/lib/python3.12/typing.py", line 193, in _type_check
    arg = _type_convert(arg, module=module, allow_special_forms=allow_special_forms)
          ^^^^^^^^^^^^^^^^^^^^^^^^^^^^^^^^^^^^^^^^^^^^^^^^^^^^^^^^^^^^^^^^^^^^^^^^^^
  File "/usr/local/lib/python3.12/typing.py", line 171, in _type_convert
    return ForwardRef(arg, module=module, is_class=allow_special_forms)
           ^^^^^^^^^^^^^^^^^^^^^^^^^^^^^^^^^^^^^^^^^^^^^^^^^^^^^^^^^^^^
  File "/usr/local/lib/python3.12/typing.py", line 904, in __init__
    code = compile(arg_to_compile, '<string>', 'eval')
           ^^^^^^^^^^^^^^^^^^^^^^^^^^^^^^^^^^^^^^^^^^^
  File "/home/airflow/.local/lib/python3.12/site-packages/airflow/utils/timeout.py", line 69, in handle_timeout
    raise AirflowTaskTimeout(self.error_message)
airflow.exceptions.AirflowTaskTimeout: DagBag import timeout for /opt/airflow/dags/lic_receipyt_dag.py after 30.0s.
Please take a look at these docs to improve your DAG import time:
* https://airflow.apache.org/docs/apache-airflow/2.10.5/best-practices.html#top-level-python-code
* https://airflow.apache.org/docs/apache-airflow/2.10.5/best-practices.html#reducing-dag-complexity, PID: 444
[2025-10-09T12:38:22.617+0000] {processor.py:927} WARNING - No viable dags retrieved from /opt/airflow/dags/lic_receipyt_dag.py
[2025-10-09T12:39:13.464+0000] {processor.py:186} INFO - Started process (PID=445) to work on /opt/airflow/dags/lic_receipyt_dag.py
[2025-10-09T12:39:13.467+0000] {processor.py:914} INFO - Processing file /opt/airflow/dags/lic_receipyt_dag.py for tasks to queue
[2025-10-09T12:39:13.469+0000] {logging_mixin.py:190} INFO - [2025-10-09T12:39:13.468+0000] {dagbag.py:588} INFO - Filling up the DagBag from /opt/airflow/dags/lic_receipyt_dag.py
[2025-10-09T12:39:13.734+0000] {processor.py:925} INFO - DAG(s) 'insurance_receipt_handler' retrieved from /opt/airflow/dags/lic_receipyt_dag.py
[2025-10-09T12:39:14.748+0000] {logging_mixin.py:190} INFO - [2025-10-09T12:39:14.747+0000] {dag.py:3239} INFO - Sync 1 DAGs
[2025-10-09T12:39:14.775+0000] {logging_mixin.py:190} INFO - [2025-10-09T12:39:14.775+0000] {dag.py:4180} INFO - Setting next_dagrun for insurance_receipt_handler to None, run_after=None
[2025-10-09T12:39:14.812+0000] {processor.py:208} INFO - Processing /opt/airflow/dags/lic_receipyt_dag.py took 1.408 seconds
[2025-10-09T12:39:45.159+0000] {processor.py:186} INFO - Started process (PID=457) to work on /opt/airflow/dags/lic_receipyt_dag.py
[2025-10-09T12:39:45.161+0000] {processor.py:914} INFO - Processing file /opt/airflow/dags/lic_receipyt_dag.py for tasks to queue
[2025-10-09T12:39:45.163+0000] {logging_mixin.py:190} INFO - [2025-10-09T12:39:45.163+0000] {dagbag.py:588} INFO - Filling up the DagBag from /opt/airflow/dags/lic_receipyt_dag.py
[2025-10-09T12:39:45.396+0000] {processor.py:925} INFO - DAG(s) 'insurance_receipt_handler' retrieved from /opt/airflow/dags/lic_receipyt_dag.py
[2025-10-09T12:39:45.754+0000] {logging_mixin.py:190} INFO - [2025-10-09T12:39:45.753+0000] {dag.py:3239} INFO - Sync 1 DAGs
[2025-10-09T12:39:45.784+0000] {logging_mixin.py:190} INFO - [2025-10-09T12:39:45.783+0000] {dag.py:4180} INFO - Setting next_dagrun for insurance_receipt_handler to None, run_after=None
[2025-10-09T12:39:45.824+0000] {processor.py:208} INFO - Processing /opt/airflow/dags/lic_receipyt_dag.py took 0.677 seconds
[2025-10-09T12:40:16.119+0000] {processor.py:186} INFO - Started process (PID=464) to work on /opt/airflow/dags/lic_receipyt_dag.py
[2025-10-09T12:40:16.120+0000] {processor.py:914} INFO - Processing file /opt/airflow/dags/lic_receipyt_dag.py for tasks to queue
[2025-10-09T12:40:16.122+0000] {logging_mixin.py:190} INFO - [2025-10-09T12:40:16.122+0000] {dagbag.py:588} INFO - Filling up the DagBag from /opt/airflow/dags/lic_receipyt_dag.py
[2025-10-09T12:40:16.245+0000] {processor.py:925} INFO - DAG(s) 'insurance_receipt_handler' retrieved from /opt/airflow/dags/lic_receipyt_dag.py
[2025-10-09T12:40:16.286+0000] {logging_mixin.py:190} INFO - [2025-10-09T12:40:16.286+0000] {dag.py:3239} INFO - Sync 1 DAGs
[2025-10-09T12:40:16.311+0000] {logging_mixin.py:190} INFO - [2025-10-09T12:40:16.311+0000] {dag.py:4180} INFO - Setting next_dagrun for insurance_receipt_handler to None, run_after=None
[2025-10-09T12:40:16.340+0000] {processor.py:208} INFO - Processing /opt/airflow/dags/lic_receipyt_dag.py took 0.230 seconds
[2025-10-09T12:41:38.465+0000] {processor.py:186} INFO - Started process (PID=465) to work on /opt/airflow/dags/lic_receipyt_dag.py
[2025-10-09T12:41:38.497+0000] {processor.py:914} INFO - Processing file /opt/airflow/dags/lic_receipyt_dag.py for tasks to queue
[2025-10-09T12:41:38.504+0000] {logging_mixin.py:190} INFO - [2025-10-09T12:41:38.504+0000] {dagbag.py:588} INFO - Filling up the DagBag from /opt/airflow/dags/lic_receipyt_dag.py
[2025-10-09T12:42:14.636+0000] {logging_mixin.py:190} INFO - [2025-10-09T12:42:09.654+0000] {timeout.py:68} ERROR - Process timed out, PID: 465
[2025-10-09T12:42:51.016+0000] {processor.py:186} INFO - Started process (PID=472) to work on /opt/airflow/dags/lic_receipyt_dag.py
[2025-10-09T12:42:51.017+0000] {processor.py:914} INFO - Processing file /opt/airflow/dags/lic_receipyt_dag.py for tasks to queue
[2025-10-09T12:42:51.019+0000] {logging_mixin.py:190} INFO - [2025-10-09T12:42:51.018+0000] {dagbag.py:588} INFO - Filling up the DagBag from /opt/airflow/dags/lic_receipyt_dag.py
[2025-10-09T12:42:51.165+0000] {processor.py:925} INFO - DAG(s) 'insurance_receipt_handler' retrieved from /opt/airflow/dags/lic_receipyt_dag.py
[2025-10-09T12:42:51.563+0000] {logging_mixin.py:190} INFO - [2025-10-09T12:42:51.562+0000] {dag.py:3239} INFO - Sync 1 DAGs
[2025-10-09T12:42:51.576+0000] {logging_mixin.py:190} INFO - [2025-10-09T12:42:51.575+0000] {dag.py:4180} INFO - Setting next_dagrun for insurance_receipt_handler to None, run_after=None
[2025-10-09T12:42:51.603+0000] {processor.py:208} INFO - Processing /opt/airflow/dags/lic_receipyt_dag.py took 0.596 seconds
[2025-10-09T12:43:21.979+0000] {processor.py:186} INFO - Started process (PID=479) to work on /opt/airflow/dags/lic_receipyt_dag.py
[2025-10-09T12:43:21.981+0000] {processor.py:914} INFO - Processing file /opt/airflow/dags/lic_receipyt_dag.py for tasks to queue
[2025-10-09T12:43:21.983+0000] {logging_mixin.py:190} INFO - [2025-10-09T12:43:21.982+0000] {dagbag.py:588} INFO - Filling up the DagBag from /opt/airflow/dags/lic_receipyt_dag.py
[2025-10-09T12:43:22.126+0000] {processor.py:925} INFO - DAG(s) 'insurance_receipt_handler' retrieved from /opt/airflow/dags/lic_receipyt_dag.py
[2025-10-09T12:43:22.174+0000] {logging_mixin.py:190} INFO - [2025-10-09T12:43:22.173+0000] {dag.py:3239} INFO - Sync 1 DAGs
[2025-10-09T12:43:22.359+0000] {logging_mixin.py:190} INFO - [2025-10-09T12:43:22.359+0000] {dag.py:4180} INFO - Setting next_dagrun for insurance_receipt_handler to None, run_after=None
[2025-10-09T12:43:22.388+0000] {processor.py:208} INFO - Processing /opt/airflow/dags/lic_receipyt_dag.py took 0.417 seconds
[2025-10-09T12:44:00.527+0000] {processor.py:186} INFO - Started process (PID=486) to work on /opt/airflow/dags/lic_receipyt_dag.py
[2025-10-09T12:44:00.751+0000] {processor.py:914} INFO - Processing file /opt/airflow/dags/lic_receipyt_dag.py for tasks to queue
[2025-10-09T12:44:02.643+0000] {logging_mixin.py:190} INFO - [2025-10-09T12:44:01.658+0000] {dagbag.py:588} INFO - Filling up the DagBag from /opt/airflow/dags/lic_receipyt_dag.py
[2025-10-09T12:44:39.123+0000] {processor.py:925} INFO - DAG(s) 'insurance_receipt_handler' retrieved from /opt/airflow/dags/lic_receipyt_dag.py
[2025-10-09T12:44:47.078+0000] {logging_mixin.py:190} INFO - [2025-10-09T12:44:47.077+0000] {dag.py:3239} INFO - Sync 1 DAGs
[2025-10-09T12:44:47.201+0000] {logging_mixin.py:190} INFO - [2025-10-09T12:44:47.197+0000] {dag.py:4180} INFO - Setting next_dagrun for insurance_receipt_handler to None, run_after=None
[2025-10-09T12:44:47.360+0000] {processor.py:208} INFO - Processing /opt/airflow/dags/lic_receipyt_dag.py took 47.237 seconds
[2025-10-09T12:45:17.760+0000] {processor.py:186} INFO - Started process (PID=500) to work on /opt/airflow/dags/lic_receipyt_dag.py
[2025-10-09T12:45:17.762+0000] {processor.py:914} INFO - Processing file /opt/airflow/dags/lic_receipyt_dag.py for tasks to queue
[2025-10-09T12:45:17.765+0000] {logging_mixin.py:190} INFO - [2025-10-09T12:45:17.764+0000] {dagbag.py:588} INFO - Filling up the DagBag from /opt/airflow/dags/lic_receipyt_dag.py
[2025-10-09T12:45:18.144+0000] {processor.py:925} INFO - DAG(s) 'insurance_receipt_handler' retrieved from /opt/airflow/dags/lic_receipyt_dag.py
[2025-10-09T12:45:18.196+0000] {logging_mixin.py:190} INFO - [2025-10-09T12:45:18.195+0000] {dag.py:3239} INFO - Sync 1 DAGs
[2025-10-09T12:45:18.224+0000] {logging_mixin.py:190} INFO - [2025-10-09T12:45:18.223+0000] {dag.py:4180} INFO - Setting next_dagrun for insurance_receipt_handler to None, run_after=None
[2025-10-09T12:45:18.268+0000] {processor.py:208} INFO - Processing /opt/airflow/dags/lic_receipyt_dag.py took 0.523 seconds
[2025-10-09T12:45:48.569+0000] {processor.py:186} INFO - Started process (PID=507) to work on /opt/airflow/dags/lic_receipyt_dag.py
[2025-10-09T12:45:48.570+0000] {processor.py:914} INFO - Processing file /opt/airflow/dags/lic_receipyt_dag.py for tasks to queue
[2025-10-09T12:45:48.572+0000] {logging_mixin.py:190} INFO - [2025-10-09T12:45:48.572+0000] {dagbag.py:588} INFO - Filling up the DagBag from /opt/airflow/dags/lic_receipyt_dag.py
[2025-10-09T12:45:48.714+0000] {processor.py:925} INFO - DAG(s) 'insurance_receipt_handler' retrieved from /opt/airflow/dags/lic_receipyt_dag.py
[2025-10-09T12:45:48.765+0000] {logging_mixin.py:190} INFO - [2025-10-09T12:45:48.765+0000] {dag.py:3239} INFO - Sync 1 DAGs
[2025-10-09T12:45:48.791+0000] {logging_mixin.py:190} INFO - [2025-10-09T12:45:48.790+0000] {dag.py:4180} INFO - Setting next_dagrun for insurance_receipt_handler to None, run_after=None
[2025-10-09T12:45:48.829+0000] {processor.py:208} INFO - Processing /opt/airflow/dags/lic_receipyt_dag.py took 0.269 seconds
[2025-10-09T12:46:19.158+0000] {processor.py:186} INFO - Started process (PID=513) to work on /opt/airflow/dags/lic_receipyt_dag.py
[2025-10-09T12:46:19.161+0000] {processor.py:914} INFO - Processing file /opt/airflow/dags/lic_receipyt_dag.py for tasks to queue
[2025-10-09T12:46:19.163+0000] {logging_mixin.py:190} INFO - [2025-10-09T12:46:19.163+0000] {dagbag.py:588} INFO - Filling up the DagBag from /opt/airflow/dags/lic_receipyt_dag.py
[2025-10-09T12:46:19.350+0000] {processor.py:925} INFO - DAG(s) 'insurance_receipt_handler' retrieved from /opt/airflow/dags/lic_receipyt_dag.py
[2025-10-09T12:46:19.417+0000] {logging_mixin.py:190} INFO - [2025-10-09T12:46:19.417+0000] {dag.py:3239} INFO - Sync 1 DAGs
[2025-10-09T12:46:19.683+0000] {logging_mixin.py:190} INFO - [2025-10-09T12:46:19.683+0000] {dag.py:4180} INFO - Setting next_dagrun for insurance_receipt_handler to None, run_after=None
[2025-10-09T12:46:19.716+0000] {processor.py:208} INFO - Processing /opt/airflow/dags/lic_receipyt_dag.py took 0.571 seconds
[2025-10-09T12:46:50.070+0000] {processor.py:186} INFO - Started process (PID=521) to work on /opt/airflow/dags/lic_receipyt_dag.py
[2025-10-09T12:46:50.072+0000] {processor.py:914} INFO - Processing file /opt/airflow/dags/lic_receipyt_dag.py for tasks to queue
[2025-10-09T12:46:50.074+0000] {logging_mixin.py:190} INFO - [2025-10-09T12:46:50.073+0000] {dagbag.py:588} INFO - Filling up the DagBag from /opt/airflow/dags/lic_receipyt_dag.py
[2025-10-09T12:46:50.236+0000] {processor.py:925} INFO - DAG(s) 'insurance_receipt_handler' retrieved from /opt/airflow/dags/lic_receipyt_dag.py
[2025-10-09T12:46:50.542+0000] {logging_mixin.py:190} INFO - [2025-10-09T12:46:50.541+0000] {dag.py:3239} INFO - Sync 1 DAGs
[2025-10-09T12:46:50.559+0000] {logging_mixin.py:190} INFO - [2025-10-09T12:46:50.559+0000] {dag.py:4180} INFO - Setting next_dagrun for insurance_receipt_handler to None, run_after=None
[2025-10-09T12:46:50.589+0000] {processor.py:208} INFO - Processing /opt/airflow/dags/lic_receipyt_dag.py took 0.530 seconds
[2025-10-09T12:47:45.086+0000] {processor.py:186} INFO - Started process (PID=522) to work on /opt/airflow/dags/lic_receipyt_dag.py
[2025-10-09T12:47:45.241+0000] {processor.py:914} INFO - Processing file /opt/airflow/dags/lic_receipyt_dag.py for tasks to queue
[2025-10-09T12:47:45.536+0000] {logging_mixin.py:190} INFO - [2025-10-09T12:47:45.359+0000] {dagbag.py:588} INFO - Filling up the DagBag from /opt/airflow/dags/lic_receipyt_dag.py
[2025-10-09T12:48:06.817+0000] {processor.py:925} INFO - DAG(s) 'insurance_receipt_handler' retrieved from /opt/airflow/dags/lic_receipyt_dag.py
[2025-10-09T12:48:07.063+0000] {logging_mixin.py:190} INFO - [2025-10-09T12:48:07.063+0000] {dag.py:3239} INFO - Sync 1 DAGs
[2025-10-09T12:48:07.098+0000] {logging_mixin.py:190} INFO - [2025-10-09T12:48:07.097+0000] {dag.py:4180} INFO - Setting next_dagrun for insurance_receipt_handler to None, run_after=None
[2025-10-09T12:48:07.151+0000] {processor.py:208} INFO - Processing /opt/airflow/dags/lic_receipyt_dag.py took 35.079 seconds
[2025-10-09T12:48:37.537+0000] {processor.py:186} INFO - Started process (PID=530) to work on /opt/airflow/dags/lic_receipyt_dag.py
[2025-10-09T12:48:37.539+0000] {processor.py:914} INFO - Processing file /opt/airflow/dags/lic_receipyt_dag.py for tasks to queue
[2025-10-09T12:48:37.542+0000] {logging_mixin.py:190} INFO - [2025-10-09T12:48:37.541+0000] {dagbag.py:588} INFO - Filling up the DagBag from /opt/airflow/dags/lic_receipyt_dag.py
[2025-10-09T12:48:37.883+0000] {processor.py:925} INFO - DAG(s) 'insurance_receipt_handler' retrieved from /opt/airflow/dags/lic_receipyt_dag.py
[2025-10-09T12:48:37.959+0000] {logging_mixin.py:190} INFO - [2025-10-09T12:48:37.958+0000] {dag.py:3239} INFO - Sync 1 DAGs
[2025-10-09T12:48:38.007+0000] {logging_mixin.py:190} INFO - [2025-10-09T12:48:38.006+0000] {dag.py:4180} INFO - Setting next_dagrun for insurance_receipt_handler to None, run_after=None
[2025-10-09T12:48:38.076+0000] {processor.py:208} INFO - Processing /opt/airflow/dags/lic_receipyt_dag.py took 0.554 seconds
[2025-10-09T12:49:08.439+0000] {processor.py:186} INFO - Started process (PID=544) to work on /opt/airflow/dags/lic_receipyt_dag.py
[2025-10-09T12:49:08.441+0000] {processor.py:914} INFO - Processing file /opt/airflow/dags/lic_receipyt_dag.py for tasks to queue
[2025-10-09T12:49:08.445+0000] {logging_mixin.py:190} INFO - [2025-10-09T12:49:08.444+0000] {dagbag.py:588} INFO - Filling up the DagBag from /opt/airflow/dags/lic_receipyt_dag.py
[2025-10-09T12:49:08.626+0000] {processor.py:925} INFO - DAG(s) 'insurance_receipt_handler' retrieved from /opt/airflow/dags/lic_receipyt_dag.py
[2025-10-09T12:49:08.671+0000] {logging_mixin.py:190} INFO - [2025-10-09T12:49:08.671+0000] {dag.py:3239} INFO - Sync 1 DAGs
[2025-10-09T12:49:08.700+0000] {logging_mixin.py:190} INFO - [2025-10-09T12:49:08.699+0000] {dag.py:4180} INFO - Setting next_dagrun for insurance_receipt_handler to None, run_after=None
[2025-10-09T12:49:08.939+0000] {processor.py:208} INFO - Processing /opt/airflow/dags/lic_receipyt_dag.py took 0.508 seconds
[2025-10-09T12:49:39.311+0000] {processor.py:186} INFO - Started process (PID=551) to work on /opt/airflow/dags/lic_receipyt_dag.py
[2025-10-09T12:49:39.312+0000] {processor.py:914} INFO - Processing file /opt/airflow/dags/lic_receipyt_dag.py for tasks to queue
[2025-10-09T12:49:39.315+0000] {logging_mixin.py:190} INFO - [2025-10-09T12:49:39.315+0000] {dagbag.py:588} INFO - Filling up the DagBag from /opt/airflow/dags/lic_receipyt_dag.py
[2025-10-09T12:49:39.459+0000] {processor.py:925} INFO - DAG(s) 'insurance_receipt_handler' retrieved from /opt/airflow/dags/lic_receipyt_dag.py
[2025-10-09T12:49:39.694+0000] {logging_mixin.py:190} INFO - [2025-10-09T12:49:39.694+0000] {dag.py:3239} INFO - Sync 1 DAGs
[2025-10-09T12:49:39.716+0000] {logging_mixin.py:190} INFO - [2025-10-09T12:49:39.716+0000] {dag.py:4180} INFO - Setting next_dagrun for insurance_receipt_handler to None, run_after=None
[2025-10-09T12:49:39.757+0000] {processor.py:208} INFO - Processing /opt/airflow/dags/lic_receipyt_dag.py took 0.455 seconds
[2025-10-09T12:50:10.010+0000] {processor.py:186} INFO - Started process (PID=558) to work on /opt/airflow/dags/lic_receipyt_dag.py
[2025-10-09T12:50:10.012+0000] {processor.py:914} INFO - Processing file /opt/airflow/dags/lic_receipyt_dag.py for tasks to queue
[2025-10-09T12:50:10.014+0000] {logging_mixin.py:190} INFO - [2025-10-09T12:50:10.014+0000] {dagbag.py:588} INFO - Filling up the DagBag from /opt/airflow/dags/lic_receipyt_dag.py
[2025-10-09T12:50:10.411+0000] {processor.py:925} INFO - DAG(s) 'insurance_receipt_handler' retrieved from /opt/airflow/dags/lic_receipyt_dag.py
[2025-10-09T12:50:10.444+0000] {logging_mixin.py:190} INFO - [2025-10-09T12:50:10.444+0000] {dag.py:3239} INFO - Sync 1 DAGs
[2025-10-09T12:50:10.469+0000] {logging_mixin.py:190} INFO - [2025-10-09T12:50:10.469+0000] {dag.py:4180} INFO - Setting next_dagrun for insurance_receipt_handler to None, run_after=None
[2025-10-09T12:50:10.500+0000] {processor.py:208} INFO - Processing /opt/airflow/dags/lic_receipyt_dag.py took 0.502 seconds
[2025-10-09T12:53:41.060+0000] {processor.py:186} INFO - Started process (PID=560) to work on /opt/airflow/dags/lic_receipyt_dag.py
[2025-10-09T12:53:41.062+0000] {processor.py:914} INFO - Processing file /opt/airflow/dags/lic_receipyt_dag.py for tasks to queue
[2025-10-09T12:53:41.064+0000] {logging_mixin.py:190} INFO - [2025-10-09T12:53:41.063+0000] {dagbag.py:588} INFO - Filling up the DagBag from /opt/airflow/dags/lic_receipyt_dag.py
[2025-10-09T12:53:41.216+0000] {processor.py:925} INFO - DAG(s) 'insurance_receipt_handler' retrieved from /opt/airflow/dags/lic_receipyt_dag.py
[2025-10-09T12:53:41.866+0000] {logging_mixin.py:190} INFO - [2025-10-09T12:53:41.866+0000] {dag.py:3239} INFO - Sync 1 DAGs
[2025-10-09T12:53:41.889+0000] {logging_mixin.py:190} INFO - [2025-10-09T12:53:41.889+0000] {dag.py:4180} INFO - Setting next_dagrun for insurance_receipt_handler to None, run_after=None
[2025-10-09T12:53:41.935+0000] {processor.py:208} INFO - Processing /opt/airflow/dags/lic_receipyt_dag.py took 0.882 seconds
[2025-10-09T12:54:12.338+0000] {processor.py:186} INFO - Started process (PID=573) to work on /opt/airflow/dags/lic_receipyt_dag.py
[2025-10-09T12:54:12.340+0000] {processor.py:914} INFO - Processing file /opt/airflow/dags/lic_receipyt_dag.py for tasks to queue
[2025-10-09T12:54:12.343+0000] {logging_mixin.py:190} INFO - [2025-10-09T12:54:12.342+0000] {dagbag.py:588} INFO - Filling up the DagBag from /opt/airflow/dags/lic_receipyt_dag.py
[2025-10-09T12:54:12.506+0000] {processor.py:925} INFO - DAG(s) 'insurance_receipt_handler' retrieved from /opt/airflow/dags/lic_receipyt_dag.py
[2025-10-09T12:54:12.751+0000] {logging_mixin.py:190} INFO - [2025-10-09T12:54:12.751+0000] {dag.py:3239} INFO - Sync 1 DAGs
[2025-10-09T12:54:12.776+0000] {logging_mixin.py:190} INFO - [2025-10-09T12:54:12.776+0000] {dag.py:4180} INFO - Setting next_dagrun for insurance_receipt_handler to None, run_after=None
[2025-10-09T12:54:12.811+0000] {processor.py:208} INFO - Processing /opt/airflow/dags/lic_receipyt_dag.py took 0.486 seconds
[2025-10-09T12:54:43.237+0000] {processor.py:186} INFO - Started process (PID=580) to work on /opt/airflow/dags/lic_receipyt_dag.py
[2025-10-09T12:54:43.239+0000] {processor.py:914} INFO - Processing file /opt/airflow/dags/lic_receipyt_dag.py for tasks to queue
[2025-10-09T12:54:43.244+0000] {logging_mixin.py:190} INFO - [2025-10-09T12:54:43.241+0000] {dagbag.py:588} INFO - Filling up the DagBag from /opt/airflow/dags/lic_receipyt_dag.py
[2025-10-09T12:54:43.846+0000] {processor.py:925} INFO - DAG(s) 'insurance_receipt_handler' retrieved from /opt/airflow/dags/lic_receipyt_dag.py
[2025-10-09T12:54:44.229+0000] {logging_mixin.py:190} INFO - [2025-10-09T12:54:44.221+0000] {dag.py:3239} INFO - Sync 1 DAGs
[2025-10-09T12:54:44.264+0000] {logging_mixin.py:190} INFO - [2025-10-09T12:54:44.263+0000] {dag.py:4180} INFO - Setting next_dagrun for insurance_receipt_handler to None, run_after=None
[2025-10-09T12:54:44.316+0000] {processor.py:208} INFO - Processing /opt/airflow/dags/lic_receipyt_dag.py took 1.103 seconds
[2025-10-09T12:55:49.564+0000] {processor.py:186} INFO - Started process (PID=581) to work on /opt/airflow/dags/lic_receipyt_dag.py
[2025-10-09T12:55:50.615+0000] {processor.py:914} INFO - Processing file /opt/airflow/dags/lic_receipyt_dag.py for tasks to queue
[2025-10-09T12:55:53.909+0000] {logging_mixin.py:190} INFO - [2025-10-09T12:55:51.878+0000] {dagbag.py:588} INFO - Filling up the DagBag from /opt/airflow/dags/lic_receipyt_dag.py
[2025-10-09T12:56:40.393+0000] {logging_mixin.py:190} INFO - [2025-10-09T12:56:39.574+0000] {timeout.py:68} ERROR - Process timed out, PID: 581
[2025-10-09T12:57:12.832+0000] {processor.py:186} INFO - Started process (PID=582) to work on /opt/airflow/dags/lic_receipyt_dag.py
[2025-10-09T12:57:12.834+0000] {processor.py:914} INFO - Processing file /opt/airflow/dags/lic_receipyt_dag.py for tasks to queue
[2025-10-09T12:57:12.838+0000] {logging_mixin.py:190} INFO - [2025-10-09T12:57:12.836+0000] {dagbag.py:588} INFO - Filling up the DagBag from /opt/airflow/dags/lic_receipyt_dag.py
[2025-10-09T12:57:13.085+0000] {processor.py:925} INFO - DAG(s) 'insurance_receipt_handler' retrieved from /opt/airflow/dags/lic_receipyt_dag.py
[2025-10-09T12:57:13.625+0000] {logging_mixin.py:190} INFO - [2025-10-09T12:57:13.624+0000] {dag.py:3239} INFO - Sync 1 DAGs
[2025-10-09T12:57:13.678+0000] {logging_mixin.py:190} INFO - [2025-10-09T12:57:13.677+0000] {dag.py:4180} INFO - Setting next_dagrun for insurance_receipt_handler to None, run_after=None
[2025-10-09T12:57:13.738+0000] {processor.py:208} INFO - Processing /opt/airflow/dags/lic_receipyt_dag.py took 0.928 seconds
[2025-10-09T12:57:44.218+0000] {processor.py:186} INFO - Started process (PID=594) to work on /opt/airflow/dags/lic_receipyt_dag.py
[2025-10-09T12:57:44.220+0000] {processor.py:914} INFO - Processing file /opt/airflow/dags/lic_receipyt_dag.py for tasks to queue
[2025-10-09T12:57:44.223+0000] {logging_mixin.py:190} INFO - [2025-10-09T12:57:44.222+0000] {dagbag.py:588} INFO - Filling up the DagBag from /opt/airflow/dags/lic_receipyt_dag.py
[2025-10-09T12:57:44.397+0000] {processor.py:925} INFO - DAG(s) 'insurance_receipt_handler' retrieved from /opt/airflow/dags/lic_receipyt_dag.py
[2025-10-09T12:57:44.451+0000] {logging_mixin.py:190} INFO - [2025-10-09T12:57:44.450+0000] {dag.py:3239} INFO - Sync 1 DAGs
[2025-10-09T12:57:44.693+0000] {logging_mixin.py:190} INFO - [2025-10-09T12:57:44.692+0000] {dag.py:4180} INFO - Setting next_dagrun for insurance_receipt_handler to None, run_after=None
[2025-10-09T12:57:44.723+0000] {processor.py:208} INFO - Processing /opt/airflow/dags/lic_receipyt_dag.py took 0.518 seconds
[2025-10-09T12:58:15.048+0000] {processor.py:186} INFO - Started process (PID=601) to work on /opt/airflow/dags/lic_receipyt_dag.py
[2025-10-09T12:58:15.049+0000] {processor.py:914} INFO - Processing file /opt/airflow/dags/lic_receipyt_dag.py for tasks to queue
[2025-10-09T12:58:15.051+0000] {logging_mixin.py:190} INFO - [2025-10-09T12:58:15.051+0000] {dagbag.py:588} INFO - Filling up the DagBag from /opt/airflow/dags/lic_receipyt_dag.py
[2025-10-09T12:58:15.162+0000] {processor.py:925} INFO - DAG(s) 'insurance_receipt_handler' retrieved from /opt/airflow/dags/lic_receipyt_dag.py
[2025-10-09T12:58:15.376+0000] {logging_mixin.py:190} INFO - [2025-10-09T12:58:15.375+0000] {dag.py:3239} INFO - Sync 1 DAGs
[2025-10-09T12:58:15.399+0000] {logging_mixin.py:190} INFO - [2025-10-09T12:58:15.398+0000] {dag.py:4180} INFO - Setting next_dagrun for insurance_receipt_handler to None, run_after=None
[2025-10-09T12:58:15.431+0000] {processor.py:208} INFO - Processing /opt/airflow/dags/lic_receipyt_dag.py took 0.390 seconds
[2025-10-09T12:58:45.771+0000] {processor.py:186} INFO - Started process (PID=608) to work on /opt/airflow/dags/lic_receipyt_dag.py
[2025-10-09T12:58:45.773+0000] {processor.py:914} INFO - Processing file /opt/airflow/dags/lic_receipyt_dag.py for tasks to queue
[2025-10-09T12:58:45.777+0000] {logging_mixin.py:190} INFO - [2025-10-09T12:58:45.775+0000] {dagbag.py:588} INFO - Filling up the DagBag from /opt/airflow/dags/lic_receipyt_dag.py
[2025-10-09T12:58:46.202+0000] {processor.py:925} INFO - DAG(s) 'insurance_receipt_handler' retrieved from /opt/airflow/dags/lic_receipyt_dag.py
[2025-10-09T12:58:46.352+0000] {logging_mixin.py:190} INFO - [2025-10-09T12:58:46.352+0000] {dag.py:3239} INFO - Sync 1 DAGs
[2025-10-09T12:58:46.378+0000] {logging_mixin.py:190} INFO - [2025-10-09T12:58:46.377+0000] {dag.py:4180} INFO - Setting next_dagrun for insurance_receipt_handler to None, run_after=None
[2025-10-09T12:58:46.406+0000] {processor.py:208} INFO - Processing /opt/airflow/dags/lic_receipyt_dag.py took 0.646 seconds
[2025-10-09T13:02:21.986+0000] {processor.py:186} INFO - Started process (PID=610) to work on /opt/airflow/dags/lic_receipyt_dag.py
[2025-10-09T13:02:21.989+0000] {processor.py:914} INFO - Processing file /opt/airflow/dags/lic_receipyt_dag.py for tasks to queue
[2025-10-09T13:02:22.005+0000] {logging_mixin.py:190} INFO - [2025-10-09T13:02:22.002+0000] {dagbag.py:588} INFO - Filling up the DagBag from /opt/airflow/dags/lic_receipyt_dag.py
[2025-10-09T13:02:22.881+0000] {processor.py:925} INFO - DAG(s) 'insurance_receipt_handler' retrieved from /opt/airflow/dags/lic_receipyt_dag.py
[2025-10-09T13:15:06.352+0000] {processor.py:186} INFO - Started process (PID=616) to work on /opt/airflow/dags/lic_receipyt_dag.py
[2025-10-09T13:15:11.278+0000] {processor.py:914} INFO - Processing file /opt/airflow/dags/lic_receipyt_dag.py for tasks to queue
[2025-10-09T13:15:11.295+0000] {logging_mixin.py:190} INFO - [2025-10-09T13:15:11.281+0000] {dagbag.py:588} INFO - Filling up the DagBag from /opt/airflow/dags/lic_receipyt_dag.py
[2025-10-09T13:15:25.516+0000] {processor.py:925} INFO - DAG(s) 'insurance_receipt_handler' retrieved from /opt/airflow/dags/lic_receipyt_dag.py
[2025-10-09T13:16:40.597+0000] {processor.py:186} INFO - Started process (PID=617) to work on /opt/airflow/dags/lic_receipyt_dag.py
[2025-10-09T13:16:40.598+0000] {processor.py:914} INFO - Processing file /opt/airflow/dags/lic_receipyt_dag.py for tasks to queue
[2025-10-09T13:16:40.602+0000] {logging_mixin.py:190} INFO - [2025-10-09T13:16:40.601+0000] {dagbag.py:588} INFO - Filling up the DagBag from /opt/airflow/dags/lic_receipyt_dag.py
[2025-10-09T13:16:40.999+0000] {processor.py:925} INFO - DAG(s) 'insurance_receipt_handler' retrieved from /opt/airflow/dags/lic_receipyt_dag.py
[2025-10-09T13:16:43.148+0000] {logging_mixin.py:190} INFO - [2025-10-09T13:16:43.147+0000] {dag.py:3239} INFO - Sync 1 DAGs
[2025-10-09T13:16:43.258+0000] {logging_mixin.py:190} INFO - [2025-10-09T13:16:43.258+0000] {dag.py:4180} INFO - Setting next_dagrun for insurance_receipt_handler to None, run_after=None
[2025-10-09T13:16:43.318+0000] {processor.py:208} INFO - Processing /opt/airflow/dags/lic_receipyt_dag.py took 2.424 seconds
[2025-10-09T13:17:13.960+0000] {processor.py:186} INFO - Started process (PID=633) to work on /opt/airflow/dags/lic_receipyt_dag.py
[2025-10-09T13:17:13.964+0000] {processor.py:914} INFO - Processing file /opt/airflow/dags/lic_receipyt_dag.py for tasks to queue
[2025-10-09T13:17:13.976+0000] {logging_mixin.py:190} INFO - [2025-10-09T13:17:13.975+0000] {dagbag.py:588} INFO - Filling up the DagBag from /opt/airflow/dags/lic_receipyt_dag.py
[2025-10-09T13:17:14.253+0000] {processor.py:925} INFO - DAG(s) 'insurance_receipt_handler' retrieved from /opt/airflow/dags/lic_receipyt_dag.py
[2025-10-09T13:17:14.338+0000] {logging_mixin.py:190} INFO - [2025-10-09T13:17:14.337+0000] {dag.py:3239} INFO - Sync 1 DAGs
[2025-10-09T13:17:14.363+0000] {logging_mixin.py:190} INFO - [2025-10-09T13:17:14.363+0000] {dag.py:4180} INFO - Setting next_dagrun for insurance_receipt_handler to None, run_after=None
[2025-10-09T13:17:14.417+0000] {processor.py:208} INFO - Processing /opt/airflow/dags/lic_receipyt_dag.py took 0.531 seconds
[2025-10-09T13:17:44.977+0000] {processor.py:186} INFO - Started process (PID=640) to work on /opt/airflow/dags/lic_receipyt_dag.py
[2025-10-09T13:17:44.979+0000] {processor.py:914} INFO - Processing file /opt/airflow/dags/lic_receipyt_dag.py for tasks to queue
[2025-10-09T13:17:44.981+0000] {logging_mixin.py:190} INFO - [2025-10-09T13:17:44.980+0000] {dagbag.py:588} INFO - Filling up the DagBag from /opt/airflow/dags/lic_receipyt_dag.py
[2025-10-09T13:17:45.149+0000] {processor.py:925} INFO - DAG(s) 'insurance_receipt_handler' retrieved from /opt/airflow/dags/lic_receipyt_dag.py
[2025-10-09T13:17:45.246+0000] {logging_mixin.py:190} INFO - [2025-10-09T13:17:45.245+0000] {dag.py:3239} INFO - Sync 1 DAGs
[2025-10-09T13:17:45.267+0000] {logging_mixin.py:190} INFO - [2025-10-09T13:17:45.267+0000] {dag.py:4180} INFO - Setting next_dagrun for insurance_receipt_handler to None, run_after=None
[2025-10-09T13:17:45.297+0000] {processor.py:208} INFO - Processing /opt/airflow/dags/lic_receipyt_dag.py took 0.333 seconds
[2025-10-09T13:18:21.989+0000] {processor.py:186} INFO - Started process (PID=641) to work on /opt/airflow/dags/lic_receipyt_dag.py
[2025-10-09T13:18:26.559+0000] {processor.py:914} INFO - Processing file /opt/airflow/dags/lic_receipyt_dag.py for tasks to queue
[2025-10-09T13:18:43.021+0000] {logging_mixin.py:190} INFO - [2025-10-09T13:18:42.931+0000] {dagbag.py:588} INFO - Filling up the DagBag from /opt/airflow/dags/lic_receipyt_dag.py
[2025-10-09T13:19:07.715+0000] {processor.py:925} INFO - DAG(s) 'insurance_receipt_handler' retrieved from /opt/airflow/dags/lic_receipyt_dag.py
[2025-10-09T13:19:41.987+0000] {processor.py:186} INFO - Started process (PID=648) to work on /opt/airflow/dags/lic_receipyt_dag.py
[2025-10-09T13:19:41.989+0000] {processor.py:914} INFO - Processing file /opt/airflow/dags/lic_receipyt_dag.py for tasks to queue
[2025-10-09T13:19:41.991+0000] {logging_mixin.py:190} INFO - [2025-10-09T13:19:41.990+0000] {dagbag.py:588} INFO - Filling up the DagBag from /opt/airflow/dags/lic_receipyt_dag.py
[2025-10-09T13:19:42.137+0000] {processor.py:925} INFO - DAG(s) 'insurance_receipt_handler' retrieved from /opt/airflow/dags/lic_receipyt_dag.py
[2025-10-09T13:19:42.178+0000] {logging_mixin.py:190} INFO - [2025-10-09T13:19:42.177+0000] {dag.py:3239} INFO - Sync 1 DAGs
[2025-10-09T13:19:42.196+0000] {logging_mixin.py:190} INFO - [2025-10-09T13:19:42.196+0000] {dag.py:4180} INFO - Setting next_dagrun for insurance_receipt_handler to None, run_after=None
[2025-10-09T13:19:42.221+0000] {processor.py:208} INFO - Processing /opt/airflow/dags/lic_receipyt_dag.py took 0.242 seconds
[2025-10-09T13:20:12.893+0000] {processor.py:186} INFO - Started process (PID=655) to work on /opt/airflow/dags/lic_receipyt_dag.py
[2025-10-09T13:20:12.895+0000] {processor.py:914} INFO - Processing file /opt/airflow/dags/lic_receipyt_dag.py for tasks to queue
[2025-10-09T13:20:12.901+0000] {logging_mixin.py:190} INFO - [2025-10-09T13:20:12.900+0000] {dagbag.py:588} INFO - Filling up the DagBag from /opt/airflow/dags/lic_receipyt_dag.py
[2025-10-09T13:20:13.114+0000] {processor.py:925} INFO - DAG(s) 'insurance_receipt_handler' retrieved from /opt/airflow/dags/lic_receipyt_dag.py
[2025-10-09T13:20:13.153+0000] {logging_mixin.py:190} INFO - [2025-10-09T13:20:13.153+0000] {dag.py:3239} INFO - Sync 1 DAGs
[2025-10-09T13:20:13.176+0000] {logging_mixin.py:190} INFO - [2025-10-09T13:20:13.175+0000] {dag.py:4180} INFO - Setting next_dagrun for insurance_receipt_handler to None, run_after=None
[2025-10-09T13:20:13.203+0000] {processor.py:208} INFO - Processing /opt/airflow/dags/lic_receipyt_dag.py took 0.324 seconds
[2025-10-09T13:20:43.767+0000] {processor.py:186} INFO - Started process (PID=662) to work on /opt/airflow/dags/lic_receipyt_dag.py
[2025-10-09T13:20:43.769+0000] {processor.py:914} INFO - Processing file /opt/airflow/dags/lic_receipyt_dag.py for tasks to queue
[2025-10-09T13:20:43.771+0000] {logging_mixin.py:190} INFO - [2025-10-09T13:20:43.771+0000] {dagbag.py:588} INFO - Filling up the DagBag from /opt/airflow/dags/lic_receipyt_dag.py
[2025-10-09T13:20:43.950+0000] {processor.py:925} INFO - DAG(s) 'insurance_receipt_handler' retrieved from /opt/airflow/dags/lic_receipyt_dag.py
[2025-10-09T13:20:44.002+0000] {logging_mixin.py:190} INFO - [2025-10-09T13:20:44.001+0000] {dag.py:3239} INFO - Sync 1 DAGs
[2025-10-09T13:20:44.024+0000] {logging_mixin.py:190} INFO - [2025-10-09T13:20:44.024+0000] {dag.py:4180} INFO - Setting next_dagrun for insurance_receipt_handler to None, run_after=None
[2025-10-09T13:20:44.053+0000] {processor.py:208} INFO - Processing /opt/airflow/dags/lic_receipyt_dag.py took 0.297 seconds
